[0.064s] Invoking command in '/home/zmp/ros/src/robocar110_ros/rc110_navigation/rc110_slam_cg/build/rc110_slam_cg': CMAKE_PREFIX_PATH=/opt/ros/rolling /usr/bin/cmake --build /home/zmp/ros/src/robocar110_ros/rc110_navigation/rc110_slam_cg/build/rc110_slam_cg -- -j4 -l4
[0.410s] Invoked command in '/home/zmp/ros/src/robocar110_ros/rc110_navigation/rc110_slam_cg/build/rc110_slam_cg' returned '0': CMAKE_PREFIX_PATH=/opt/ros/rolling /usr/bin/cmake --build /home/zmp/ros/src/robocar110_ros/rc110_navigation/rc110_slam_cg/build/rc110_slam_cg -- -j4 -l4
[0.612s] Invoking command in '/home/zmp/ros/src/robocar110_ros/rc110_navigation/rc110_slam_cg/build/rc110_slam_cg': CMAKE_PREFIX_PATH=/opt/ros/rolling /usr/bin/cmake --install /home/zmp/ros/src/robocar110_ros/rc110_navigation/rc110_slam_cg/build/rc110_slam_cg
[0.666s] -- Install configuration: "Release"
[0.668s] -- Up-to-date: /home/zmp/ros/src/robocar110_ros/rc110_navigation/rc110_slam_cg/install/rc110_slam_cg/share/ament_index/resource_index/package_run_dependencies/rc110_slam_cg
[0.668s] -- Up-to-date: /home/zmp/ros/src/robocar110_ros/rc110_navigation/rc110_slam_cg/install/rc110_slam_cg/share/ament_index/resource_index/parent_prefix_path/rc110_slam_cg
[0.669s] -- Up-to-date: /home/zmp/ros/src/robocar110_ros/rc110_navigation/rc110_slam_cg/install/rc110_slam_cg/share/rc110_slam_cg/environment/ament_prefix_path.sh
[0.671s] -- Up-to-date: /home/zmp/ros/src/robocar110_ros/rc110_navigation/rc110_slam_cg/install/rc110_slam_cg/share/rc110_slam_cg/environment/ament_prefix_path.dsv
[0.671s] -- Up-to-date: /home/zmp/ros/src/robocar110_ros/rc110_navigation/rc110_slam_cg/install/rc110_slam_cg/share/rc110_slam_cg/environment/path.sh
[0.672s] -- Up-to-date: /home/zmp/ros/src/robocar110_ros/rc110_navigation/rc110_slam_cg/install/rc110_slam_cg/share/rc110_slam_cg/environment/path.dsv
[0.672s] -- Up-to-date: /home/zmp/ros/src/robocar110_ros/rc110_navigation/rc110_slam_cg/install/rc110_slam_cg/share/rc110_slam_cg/local_setup.bash
[0.672s] -- Up-to-date: /home/zmp/ros/src/robocar110_ros/rc110_navigation/rc110_slam_cg/install/rc110_slam_cg/share/rc110_slam_cg/local_setup.sh
[0.673s] -- Up-to-date: /home/zmp/ros/src/robocar110_ros/rc110_navigation/rc110_slam_cg/install/rc110_slam_cg/share/rc110_slam_cg/local_setup.zsh
[0.673s] -- Up-to-date: /home/zmp/ros/src/robocar110_ros/rc110_navigation/rc110_slam_cg/install/rc110_slam_cg/share/rc110_slam_cg/local_setup.dsv
[0.673s] -- Installing: /home/zmp/ros/src/robocar110_ros/rc110_navigation/rc110_slam_cg/install/rc110_slam_cg/share/rc110_slam_cg/package.dsv
[0.674s] -- Up-to-date: /home/zmp/ros/src/robocar110_ros/rc110_navigation/rc110_slam_cg/install/rc110_slam_cg/share/ament_index/resource_index/packages/rc110_slam_cg
[0.674s] -- Up-to-date: /home/zmp/ros/src/robocar110_ros/rc110_navigation/rc110_slam_cg/install/rc110_slam_cg/share/rc110_slam_cg/cmake/rc110_slam_cgConfig.cmake
[0.675s] -- Up-to-date: /home/zmp/ros/src/robocar110_ros/rc110_navigation/rc110_slam_cg/install/rc110_slam_cg/share/rc110_slam_cg/cmake/rc110_slam_cgConfig-version.cmake
[0.675s] -- Up-to-date: /home/zmp/ros/src/robocar110_ros/rc110_navigation/rc110_slam_cg/install/rc110_slam_cg/share/rc110_slam_cg/package.xml
[0.675s] -- Up-to-date: /home/zmp/ros/src/robocar110_ros/rc110_navigation/rc110_slam_cg/install/rc110_slam_cg/share/rc110_slam_cg/config
[0.676s] -- Up-to-date: /home/zmp/ros/src/robocar110_ros/rc110_navigation/rc110_slam_cg/install/rc110_slam_cg/share/rc110_slam_cg/config/main.lua
[0.676s] -- Up-to-date: /home/zmp/ros/src/robocar110_ros/rc110_navigation/rc110_slam_cg/install/rc110_slam_cg/share/rc110_slam_cg/launch
[0.676s] -- Up-to-date: /home/zmp/ros/src/robocar110_ros/rc110_navigation/rc110_slam_cg/install/rc110_slam_cg/share/rc110_slam_cg/launch/main.launch
[0.687s] Invoked command in '/home/zmp/ros/src/robocar110_ros/rc110_navigation/rc110_slam_cg/build/rc110_slam_cg' returned '0': CMAKE_PREFIX_PATH=/opt/ros/rolling /usr/bin/cmake --install /home/zmp/ros/src/robocar110_ros/rc110_navigation/rc110_slam_cg/build/rc110_slam_cg
