[0.078s] Invoking command in '/home/zmp/ros/src/robocar110_ros/rc110_core/build/rc110_topic_tools': /usr/bin/cmake /home/zmp/ros/src/robocar110_ros/rc110_core/rc110_topic_tools -DCMAKE_INSTALL_PREFIX=/home/zmp/ros/src/robocar110_ros/rc110_core/install/rc110_topic_tools
[0.391s] -- The C compiler identification is GNU 9.4.0
[0.671s] -- The CXX compiler identification is GNU 9.4.0
[0.691s] -- Check for working C compiler: /usr/bin/cc
[1.063s] -- Check for working C compiler: /usr/bin/cc -- works
[1.068s] -- Detecting C compiler ABI info
[1.398s] -- Detecting C compiler ABI info - done
[1.435s] -- Detecting C compile features
[1.436s] -- Detecting C compile features - done
[1.446s] -- Check for working CXX compiler: /usr/bin/c++
[1.846s] -- Check for working CXX compiler: /usr/bin/c++ -- works
[1.852s] -- Detecting CXX compiler ABI info
[2.227s] -- Detecting CXX compiler ABI info - done
[2.271s] -- Detecting CXX compile features
[2.273s] -- Detecting CXX compile features - done
[2.283s] -- Found ament_cmake: 0.9.11 (/opt/ros/foxy/share/ament_cmake/cmake)
[2.383s] -- Found PythonInterp: /usr/bin/python3 (found suitable version "3.8.10", minimum required is "3") 
[2.384s] -- Using PYTHON_EXECUTABLE: /usr/bin/python3
[3.179s] -- Found rclcpp: 2.4.2 (/opt/ros/foxy/share/rclcpp/cmake)
[3.318s] -- Using all available rosidl_typesupport_c: rosidl_typesupport_fastrtps_c;rosidl_typesupport_introspection_c
[3.338s] -- Found rosidl_adapter: 1.3.0 (/opt/ros/foxy/share/rosidl_adapter/cmake)
[3.782s] -- Found OpenSSL: /usr/lib/aarch64-linux-gnu/libcrypto.so (found version "1.1.1f")  
[3.900s] -- Found FastRTPS: /opt/ros/foxy/include  
[4.179s] -- Using all available rosidl_typesupport_cpp: rosidl_typesupport_fastrtps_cpp;rosidl_typesupport_introspection_cpp
[4.373s] -- Found rmw_implementation_cmake: 1.0.3 (/opt/ros/foxy/share/rmw_implementation_cmake/cmake)
[4.378s] -- Using RMW implementation 'rmw_fastrtps_cpp' as default
[4.382s] -- Looking for pthread.h
[4.754s] -- Looking for pthread.h - found
[4.756s] -- Performing Test CMAKE_HAVE_LIBC_PTHREAD
[5.222s] -- Performing Test CMAKE_HAVE_LIBC_PTHREAD - Failed
[5.225s] -- Looking for pthread_create in pthreads
[5.530s] -- Looking for pthread_create in pthreads - not found
[5.532s] -- Looking for pthread_create in pthread
[5.859s] -- Looking for pthread_create in pthread - found
[5.865s] -- Found Threads: TRUE  
[6.347s] -- Found rosidl_default_generators: 1.0.1 (/opt/ros/foxy/share/rosidl_default_generators/cmake)
[6.468s] -- Found PythonInterp: /usr/bin/python3 (found version "3.8.10") 
[6.968s] -- Found ament_cmake_ros: 0.9.2 (/opt/ros/foxy/share/ament_cmake_ros/cmake)
[7.390s] -- Using all available rosidl_typesupport_c: rosidl_typesupport_fastrtps_c;rosidl_typesupport_introspection_c
[7.442s] -- Using all available rosidl_typesupport_cpp: rosidl_typesupport_fastrtps_cpp;rosidl_typesupport_introspection_cpp
[7.539s] -- Found PythonInterp: /usr/bin/python3 (found suitable version "3.8.10", minimum required is "3.5") 
[7.546s] -- Found python_cmake_module: 0.8.1 (/opt/ros/foxy/share/python_cmake_module/cmake)
[7.652s] -- Found PythonLibs: /usr/lib/aarch64-linux-gnu/libpython3.8.so (found suitable version "3.8.10", minimum required is "3.5") 
[7.653s] -- Using PYTHON_EXECUTABLE: /usr/bin/python3
[7.653s] -- Using PYTHON_INCLUDE_DIRS: /usr/include/python3.8
[7.654s] -- Using PYTHON_LIBRARIES: /usr/lib/aarch64-linux-gnu/libpython3.8.so
[7.732s] -- Found PythonExtra: .so  
[7.912s] CMake Error at CMakeLists.txt:15 (rosidl_get_typesupport_target):
[7.913s]   Unknown CMake command "rosidl_get_typesupport_target".
[7.913s] 
[7.913s] 
[7.929s] -- Configuring incomplete, errors occurred!
[7.929s] See also "/home/zmp/ros/src/robocar110_ros/rc110_core/build/rc110_topic_tools/CMakeFiles/CMakeOutput.log".
[7.930s] See also "/home/zmp/ros/src/robocar110_ros/rc110_core/build/rc110_topic_tools/CMakeFiles/CMakeError.log".
[7.963s] Invoked command in '/home/zmp/ros/src/robocar110_ros/rc110_core/build/rc110_topic_tools' returned '1': /usr/bin/cmake /home/zmp/ros/src/robocar110_ros/rc110_core/rc110_topic_tools -DCMAKE_INSTALL_PREFIX=/home/zmp/ros/src/robocar110_ros/rc110_core/install/rc110_topic_tools
