[0.099s] Invoking command in '/home/zmp/ros/src/robocar110_ros/rc110_robot/build/rc110_video_server': /usr/bin/cmake /home/zmp/ros/src/robocar110_ros/rc110_robot/rc110_video_server -DCMAKE_INSTALL_PREFIX=/home/zmp/ros/src/robocar110_ros/rc110_robot/install/rc110_video_server
[0.453s] -- The C compiler identification is GNU 9.4.0
[0.771s] -- The CXX compiler identification is GNU 9.4.0
[0.797s] -- Check for working C compiler: /usr/bin/cc
[1.149s] -- Check for working C compiler: /usr/bin/cc -- works
[1.166s] -- Detecting C compiler ABI info
[1.552s] -- Detecting C compiler ABI info - done
[1.592s] -- Detecting C compile features
[1.596s] -- Detecting C compile features - done
[1.605s] -- Check for working CXX compiler: /usr/bin/c++
[2.030s] -- Check for working CXX compiler: /usr/bin/c++ -- works
[2.033s] -- Detecting CXX compiler ABI info
[2.437s] -- Detecting CXX compiler ABI info - done
[2.481s] -- Detecting CXX compile features
[2.483s] -- Detecting CXX compile features - done
[2.500s] -- Found PkgConfig: /usr/bin/pkg-config (found version "0.29.1") 
[2.506s] -- Checking for module 'gstreamer-1.0'
[2.598s] --   Found gstreamer-1.0, version 1.16.3
[2.913s] -- Checking for module 'gstreamer-rtsp-1.0'
[3.017s] --   Found gstreamer-rtsp-1.0, version 1.16.3
[3.335s] -- Checking for module 'gstreamer-rtsp-server-1.0'
[3.432s] --   Found gstreamer-rtsp-server-1.0, version 1.16.2
[3.731s] -- Found ament_cmake: 0.9.11 (/opt/ros/foxy/share/ament_cmake/cmake)
[3.843s] -- Found PythonInterp: /usr/bin/python3 (found suitable version "3.8.10", minimum required is "3") 
[3.843s] -- Using PYTHON_EXECUTABLE: /usr/bin/python3
[4.700s] -- Found rclcpp: 2.4.2 (/opt/ros/foxy/share/rclcpp/cmake)
[4.870s] -- Using all available rosidl_typesupport_c: rosidl_typesupport_fastrtps_c;rosidl_typesupport_introspection_c
[4.897s] -- Found rosidl_adapter: 1.3.0 (/opt/ros/foxy/share/rosidl_adapter/cmake)
[5.373s] -- Found OpenSSL: /usr/lib/aarch64-linux-gnu/libcrypto.so (found version "1.1.1f")  
[5.478s] -- Found FastRTPS: /opt/ros/foxy/include  
[5.759s] -- Using all available rosidl_typesupport_cpp: rosidl_typesupport_fastrtps_cpp;rosidl_typesupport_introspection_cpp
[5.967s] -- Found rmw_implementation_cmake: 1.0.3 (/opt/ros/foxy/share/rmw_implementation_cmake/cmake)
[5.972s] -- Using RMW implementation 'rmw_fastrtps_cpp' as default
[5.977s] -- Looking for pthread.h
[6.366s] -- Looking for pthread.h - found
[6.368s] -- Performing Test CMAKE_HAVE_LIBC_PTHREAD
[6.740s] -- Performing Test CMAKE_HAVE_LIBC_PTHREAD - Failed
[6.742s] -- Looking for pthread_create in pthreads
[7.054s] -- Looking for pthread_create in pthreads - not found
[7.055s] -- Looking for pthread_create in pthread
[7.425s] -- Looking for pthread_create in pthread - found
[7.430s] -- Found Threads: TRUE  
[12.774s] CMake Warning at /home/zmp/ros/src/robocar110_ros/cmake/rc110_cpack.cmake:72 (message):
[12.774s]   Couldn't convert dependency to deb name: rclcpp
[12.775s] Call Stack (most recent call first):
[12.775s]   CMakeLists.txt:32 (include)
[12.775s] 
[12.776s] 
[12.857s] -- Configuring done
[12.909s] -- Generating done
[12.917s] -- Build files have been written to: /home/zmp/ros/src/robocar110_ros/rc110_robot/build/rc110_video_server
