-- The C compiler identification is GNU 9.4.0
-- The CXX compiler identification is GNU 9.4.0
-- Check for working C compiler: /usr/bin/cc
-- Check for working C compiler: /usr/bin/cc -- works
-- Detecting C compiler ABI info
-- Detecting C compiler ABI info - done
-- Detecting C compile features
-- Detecting C compile features - done
-- Check for working CXX compiler: /usr/bin/c++
-- Check for working CXX compiler: /usr/bin/c++ -- works
-- Detecting CXX compiler ABI info
-- Detecting CXX compiler ABI info - done
-- Detecting CXX compile features
-- Detecting CXX compile features - done
-- Found ament_cmake: 0.9.11 (/opt/ros/foxy/share/ament_cmake/cmake)
-- Found PythonInterp: /usr/bin/python3 (found suitable version "3.8.10", minimum required is "3") 
-- Using PYTHON_EXECUTABLE: /usr/bin/python3
-- Found rosidl_default_generators: 1.0.1 (/opt/ros/foxy/share/rosidl_default_generators/cmake)
-- Using all available rosidl_typesupport_c: rosidl_typesupport_fastrtps_c;rosidl_typesupport_introspection_c
-- Found rosidl_adapter: 1.3.0 (/opt/ros/foxy/share/rosidl_adapter/cmake)
-- Found OpenSSL: /usr/lib/aarch64-linux-gnu/libcrypto.so (found version "1.1.1f")  
-- Found FastRTPS: /opt/ros/foxy/include  
-- Using all available rosidl_typesupport_cpp: rosidl_typesupport_fastrtps_cpp;rosidl_typesupport_introspection_cpp
-- Found rclcpp: 2.4.2 (/opt/ros/foxy/share/rclcpp/cmake)
-- Found rmw_implementation_cmake: 1.0.3 (/opt/ros/foxy/share/rmw_implementation_cmake/cmake)
-- Using RMW implementation 'rmw_fastrtps_cpp' as default
-- Looking for pthread.h
-- Looking for pthread.h - found
-- Performing Test CMAKE_HAVE_LIBC_PTHREAD
-- Performing Test CMAKE_HAVE_LIBC_PTHREAD - Failed
-- Looking for pthread_create in pthreads
-- Looking for pthread_create in pthreads - not found
-- Looking for pthread_create in pthread
-- Looking for pthread_create in pthread - found
-- Found Threads: TRUE  
-- Found PythonInterp: /usr/bin/python3 (found version "3.8.10") 
-- Found ament_cmake_ros: 0.9.2 (/opt/ros/foxy/share/ament_cmake_ros/cmake)
-- Using all available rosidl_typesupport_c: rosidl_typesupport_fastrtps_c;rosidl_typesupport_introspection_c
-- Using all available rosidl_typesupport_cpp: rosidl_typesupport_fastrtps_cpp;rosidl_typesupport_introspection_cpp
-- Found PythonInterp: /usr/bin/python3 (found suitable version "3.8.10", minimum required is "3.5") 
-- Found python_cmake_module: 0.8.1 (/opt/ros/foxy/share/python_cmake_module/cmake)
-- Found PythonLibs: /usr/lib/aarch64-linux-gnu/libpython3.8.so (found suitable version "3.8.10", minimum required is "3.5") 
-- Using PYTHON_EXECUTABLE: /usr/bin/python3
-- Using PYTHON_INCLUDE_DIRS: /usr/include/python3.8
-- Using PYTHON_LIBRARIES: /usr/lib/aarch64-linux-gnu/libpython3.8.so
-- Found PythonExtra: .so  
-- Configuring done
-- Generating done
-- Build files have been written to: /home/zmp/ros/src/robocar110_ros/rc110_core/build/rc110_msgs
[  1%] [34m[1mGenerating C code for ROS interfaces[0m
[35m[1mScanning dependencies of target rc110_msgs__cpp[0m
[  2%] [34m[1mGenerating C++ code for ROS interfaces[0m
[  2%] Built target rc110_msgs__cpp
[  3%] [34m[1mGenerating C++ type support dispatch for ROS interfaces[0m
[  5%] [34m[1mGenerating C++ type support for eProsima Fast-RTPS[0m
[  6%] [34m[1mGenerating C++ introspection for ROS interfaces[0m
[35m[1mScanning dependencies of target rc110_msgs__rosidl_generator_c[0m
[  7%] [32mBuilding C object CMakeFiles/rc110_msgs__rosidl_generator_c.dir/rosidl_generator_c/rc110_msgs/msg/detail/baseboard_error__functions.c.o[0m
[  8%] [32mBuilding C object CMakeFiles/rc110_msgs__rosidl_generator_c.dir/rosidl_generator_c/rc110_msgs/msg/detail/motor_rate__functions.c.o[0m
[ 10%] [32mBuilding C object CMakeFiles/rc110_msgs__rosidl_generator_c.dir/rosidl_generator_c/rc110_msgs/msg/detail/offsets__functions.c.o[0m
[ 11%] [32mBuilding C object CMakeFiles/rc110_msgs__rosidl_generator_c.dir/rosidl_generator_c/rc110_msgs/msg/detail/status__functions.c.o[0m
[ 12%] [32mBuilding C object CMakeFiles/rc110_msgs__rosidl_generator_c.dir/rosidl_generator_c/rc110_msgs/msg/detail/string_array__functions.c.o[0m
[35m[1mScanning dependencies of target rc110_msgs__rosidl_typesupport_cpp[0m
[ 13%] [32mBuilding C object CMakeFiles/rc110_msgs__rosidl_generator_c.dir/rosidl_generator_c/rc110_msgs/msg/detail/wheel_speeds__functions.c.o[0m
[ 15%] [32mBuilding CXX object CMakeFiles/rc110_msgs__rosidl_typesupport_cpp.dir/rosidl_typesupport_cpp/rc110_msgs/msg/baseboard_error__type_support.cpp.o[0m
[ 16%] [32mBuilding C object CMakeFiles/rc110_msgs__rosidl_generator_c.dir/rosidl_generator_c/rc110_msgs/srv/detail/set_integer__functions.c.o[0m
[35m[1mScanning dependencies of target rc110_msgs__rosidl_typesupport_fastrtps_cpp[0m
[ 17%] [32mBuilding CXX object CMakeFiles/rc110_msgs__rosidl_typesupport_fastrtps_cpp.dir/rosidl_typesupport_fastrtps_cpp/rc110_msgs/msg/detail/dds_fastrtps/baseboard_error__type_support.cpp.o[0m
[ 18%] [32m[1mLinking C shared library librc110_msgs__rosidl_generator_c.so[0m
[35m[1mScanning dependencies of target rc110_msgs__rosidl_typesupport_introspection_cpp[0m
[ 18%] Built target rc110_msgs__rosidl_generator_c
[ 20%] [32mBuilding CXX object CMakeFiles/rc110_msgs__rosidl_typesupport_introspection_cpp.dir/rosidl_typesupport_introspection_cpp/rc110_msgs/msg/detail/baseboard_error__type_support.cpp.o[0m
[ 21%] [32mBuilding CXX object CMakeFiles/rc110_msgs__rosidl_typesupport_fastrtps_cpp.dir/rosidl_typesupport_fastrtps_cpp/rc110_msgs/msg/detail/dds_fastrtps/motor_rate__type_support.cpp.o[0m
[ 22%] [32mBuilding CXX object CMakeFiles/rc110_msgs__rosidl_typesupport_cpp.dir/rosidl_typesupport_cpp/rc110_msgs/msg/motor_rate__type_support.cpp.o[0m
[ 24%] [32mBuilding CXX object CMakeFiles/rc110_msgs__rosidl_typesupport_introspection_cpp.dir/rosidl_typesupport_introspection_cpp/rc110_msgs/msg/detail/motor_rate__type_support.cpp.o[0m
[ 25%] [32mBuilding CXX object CMakeFiles/rc110_msgs__rosidl_typesupport_fastrtps_cpp.dir/rosidl_typesupport_fastrtps_cpp/rc110_msgs/msg/detail/dds_fastrtps/offsets__type_support.cpp.o[0m
[ 26%] [32mBuilding CXX object CMakeFiles/rc110_msgs__rosidl_typesupport_fastrtps_cpp.dir/rosidl_typesupport_fastrtps_cpp/rc110_msgs/msg/detail/dds_fastrtps/status__type_support.cpp.o[0m
[ 27%] [32mBuilding CXX object CMakeFiles/rc110_msgs__rosidl_typesupport_cpp.dir/rosidl_typesupport_cpp/rc110_msgs/msg/offsets__type_support.cpp.o[0m
[ 29%] [32mBuilding CXX object CMakeFiles/rc110_msgs__rosidl_typesupport_introspection_cpp.dir/rosidl_typesupport_introspection_cpp/rc110_msgs/msg/detail/offsets__type_support.cpp.o[0m
[ 30%] [32mBuilding CXX object CMakeFiles/rc110_msgs__rosidl_typesupport_fastrtps_cpp.dir/rosidl_typesupport_fastrtps_cpp/rc110_msgs/msg/detail/dds_fastrtps/string_array__type_support.cpp.o[0m
[ 31%] [32mBuilding CXX object CMakeFiles/rc110_msgs__rosidl_typesupport_cpp.dir/rosidl_typesupport_cpp/rc110_msgs/msg/status__type_support.cpp.o[0m
[ 32%] [32mBuilding CXX object CMakeFiles/rc110_msgs__rosidl_typesupport_cpp.dir/rosidl_typesupport_cpp/rc110_msgs/msg/string_array__type_support.cpp.o[0m
[ 34%] [32mBuilding CXX object CMakeFiles/rc110_msgs__rosidl_typesupport_introspection_cpp.dir/rosidl_typesupport_introspection_cpp/rc110_msgs/msg/detail/status__type_support.cpp.o[0m
[ 35%] [32mBuilding CXX object CMakeFiles/rc110_msgs__rosidl_typesupport_introspection_cpp.dir/rosidl_typesupport_introspection_cpp/rc110_msgs/msg/detail/string_array__type_support.cpp.o[0m
[ 36%] [32mBuilding CXX object CMakeFiles/rc110_msgs__rosidl_typesupport_cpp.dir/rosidl_typesupport_cpp/rc110_msgs/msg/wheel_speeds__type_support.cpp.o[0m
[ 37%] [32mBuilding CXX object CMakeFiles/rc110_msgs__rosidl_typesupport_cpp.dir/rosidl_typesupport_cpp/rc110_msgs/srv/set_integer__type_support.cpp.o[0m
[ 39%] [32mBuilding CXX object CMakeFiles/rc110_msgs__rosidl_typesupport_fastrtps_cpp.dir/rosidl_typesupport_fastrtps_cpp/rc110_msgs/msg/detail/dds_fastrtps/wheel_speeds__type_support.cpp.o[0m
[ 40%] [32mBuilding CXX object CMakeFiles/rc110_msgs__rosidl_typesupport_introspection_cpp.dir/rosidl_typesupport_introspection_cpp/rc110_msgs/msg/detail/wheel_speeds__type_support.cpp.o[0m
[ 41%] [32m[1mLinking CXX shared library librc110_msgs__rosidl_typesupport_cpp.so[0m
[ 41%] Built target rc110_msgs__rosidl_typesupport_cpp
[ 43%] [34m[1mGenerating C type support dispatch for ROS interfaces[0m
[ 44%] [32mBuilding CXX object CMakeFiles/rc110_msgs__rosidl_typesupport_introspection_cpp.dir/rosidl_typesupport_introspection_cpp/rc110_msgs/srv/detail/set_integer__type_support.cpp.o[0m
[ 45%] [32mBuilding CXX object CMakeFiles/rc110_msgs__rosidl_typesupport_fastrtps_cpp.dir/rosidl_typesupport_fastrtps_cpp/rc110_msgs/srv/detail/dds_fastrtps/set_integer__type_support.cpp.o[0m
[ 46%] [34m[1mGenerating C introspection for ROS interfaces[0m
[ 48%] [32m[1mLinking CXX shared library librc110_msgs__rosidl_typesupport_introspection_cpp.so[0m
[35m[1mScanning dependencies of target rc110_msgs__rosidl_typesupport_c[0m
[ 49%] [32mBuilding CXX object CMakeFiles/rc110_msgs__rosidl_typesupport_c.dir/rosidl_typesupport_c/rc110_msgs/msg/baseboard_error__type_support.cpp.o[0m
[ 49%] Built target rc110_msgs__rosidl_typesupport_introspection_cpp
[ 50%] [32mBuilding CXX object CMakeFiles/rc110_msgs__rosidl_typesupport_c.dir/rosidl_typesupport_c/rc110_msgs/msg/motor_rate__type_support.cpp.o[0m
[ 51%] [32mBuilding CXX object CMakeFiles/rc110_msgs__rosidl_typesupport_c.dir/rosidl_typesupport_c/rc110_msgs/msg/offsets__type_support.cpp.o[0m
[ 53%] [32mBuilding CXX object CMakeFiles/rc110_msgs__rosidl_typesupport_c.dir/rosidl_typesupport_c/rc110_msgs/msg/status__type_support.cpp.o[0m
[ 54%] [32mBuilding CXX object CMakeFiles/rc110_msgs__rosidl_typesupport_c.dir/rosidl_typesupport_c/rc110_msgs/msg/string_array__type_support.cpp.o[0m
[ 55%] [32m[1mLinking CXX shared library librc110_msgs__rosidl_typesupport_fastrtps_cpp.so[0m
[ 56%] [32mBuilding CXX object CMakeFiles/rc110_msgs__rosidl_typesupport_c.dir/rosidl_typesupport_c/rc110_msgs/msg/wheel_speeds__type_support.cpp.o[0m
[ 58%] [32mBuilding CXX object CMakeFiles/rc110_msgs__rosidl_typesupport_c.dir/rosidl_typesupport_c/rc110_msgs/srv/set_integer__type_support.cpp.o[0m
[ 59%] [32m[1mLinking CXX shared library librc110_msgs__rosidl_typesupport_c.so[0m
[ 59%] Built target rc110_msgs__rosidl_typesupport_fastrtps_cpp
[ 59%] Built target rc110_msgs__rosidl_typesupport_c
[ 60%] [34m[1mGenerating C type support for eProsima Fast-RTPS[0m
[35m[1mScanning dependencies of target rc110_msgs__rosidl_typesupport_introspection_c[0m
[ 62%] [32mBuilding C object CMakeFiles/rc110_msgs__rosidl_typesupport_introspection_c.dir/rosidl_typesupport_introspection_c/rc110_msgs/msg/detail/motor_rate__type_support.c.o[0m
[ 63%] [32mBuilding C object CMakeFiles/rc110_msgs__rosidl_typesupport_introspection_c.dir/rosidl_typesupport_introspection_c/rc110_msgs/msg/detail/baseboard_error__type_support.c.o[0m
[ 64%] [32mBuilding C object CMakeFiles/rc110_msgs__rosidl_typesupport_introspection_c.dir/rosidl_typesupport_introspection_c/rc110_msgs/msg/detail/offsets__type_support.c.o[0m
[ 65%] [32mBuilding C object CMakeFiles/rc110_msgs__rosidl_typesupport_introspection_c.dir/rosidl_typesupport_introspection_c/rc110_msgs/msg/detail/status__type_support.c.o[0m
[ 67%] [32mBuilding C object CMakeFiles/rc110_msgs__rosidl_typesupport_introspection_c.dir/rosidl_typesupport_introspection_c/rc110_msgs/msg/detail/string_array__type_support.c.o[0m
[ 68%] [32mBuilding C object CMakeFiles/rc110_msgs__rosidl_typesupport_introspection_c.dir/rosidl_typesupport_introspection_c/rc110_msgs/msg/detail/wheel_speeds__type_support.c.o[0m
[ 69%] [32mBuilding C object CMakeFiles/rc110_msgs__rosidl_typesupport_introspection_c.dir/rosidl_typesupport_introspection_c/rc110_msgs/srv/detail/set_integer__type_support.c.o[0m
[ 70%] [32m[1mLinking C shared library librc110_msgs__rosidl_typesupport_introspection_c.so[0m
[ 70%] Built target rc110_msgs__rosidl_typesupport_introspection_c
[35m[1mScanning dependencies of target rc110_msgs__rosidl_typesupport_fastrtps_c[0m
[ 72%] [32mBuilding CXX object CMakeFiles/rc110_msgs__rosidl_typesupport_fastrtps_c.dir/rosidl_typesupport_fastrtps_c/rc110_msgs/msg/detail/baseboard_error__type_support_c.cpp.o[0m
[ 74%] [32mBuilding CXX object CMakeFiles/rc110_msgs__rosidl_typesupport_fastrtps_c.dir/rosidl_typesupport_fastrtps_c/rc110_msgs/msg/detail/status__type_support_c.cpp.o[0m
[ 74%] [32mBuilding CXX object CMakeFiles/rc110_msgs__rosidl_typesupport_fastrtps_c.dir/rosidl_typesupport_fastrtps_c/rc110_msgs/msg/detail/motor_rate__type_support_c.cpp.o[0m
[ 75%] [32mBuilding CXX object CMakeFiles/rc110_msgs__rosidl_typesupport_fastrtps_c.dir/rosidl_typesupport_fastrtps_c/rc110_msgs/msg/detail/offsets__type_support_c.cpp.o[0m
[ 77%] [32mBuilding CXX object CMakeFiles/rc110_msgs__rosidl_typesupport_fastrtps_c.dir/rosidl_typesupport_fastrtps_c/rc110_msgs/msg/detail/string_array__type_support_c.cpp.o[0m
[ 78%] [32mBuilding CXX object CMakeFiles/rc110_msgs__rosidl_typesupport_fastrtps_c.dir/rosidl_typesupport_fastrtps_c/rc110_msgs/msg/detail/wheel_speeds__type_support_c.cpp.o[0m
[ 79%] [32mBuilding CXX object CMakeFiles/rc110_msgs__rosidl_typesupport_fastrtps_c.dir/rosidl_typesupport_fastrtps_c/rc110_msgs/srv/detail/set_integer__type_support_c.cpp.o[0m
[ 81%] [32m[1mLinking CXX shared library librc110_msgs__rosidl_typesupport_fastrtps_c.so[0m
[ 81%] Built target rc110_msgs__rosidl_typesupport_fastrtps_c
[35m[1mScanning dependencies of target rc110_msgs[0m
[ 81%] Built target rc110_msgs
[35m[1mScanning dependencies of target rc110_msgs__py[0m
[ 82%] [34m[1mGenerating Python code for ROS interfaces[0m
[ 82%] Built target rc110_msgs__py
[35m[1mScanning dependencies of target rc110_msgs__python[0m
[ 84%] [32mBuilding C object CMakeFiles/rc110_msgs__python.dir/rosidl_generator_py/rc110_msgs/msg/_baseboard_error_s.c.o[0m
[ 84%] [32mBuilding C object CMakeFiles/rc110_msgs__python.dir/rosidl_generator_py/rc110_msgs/msg/_motor_rate_s.c.o[0m
[ 86%] [32mBuilding C object CMakeFiles/rc110_msgs__python.dir/rosidl_generator_py/rc110_msgs/msg/_offsets_s.c.o[0m
[ 87%] [32mBuilding C object CMakeFiles/rc110_msgs__python.dir/rosidl_generator_py/rc110_msgs/msg/_status_s.c.o[0m
[ 88%] [32mBuilding C object CMakeFiles/rc110_msgs__python.dir/rosidl_generator_py/rc110_msgs/msg/_string_array_s.c.o[0m
[ 89%] [32mBuilding C object CMakeFiles/rc110_msgs__python.dir/rosidl_generator_py/rc110_msgs/msg/_wheel_speeds_s.c.o[0m
[ 91%] [32mBuilding C object CMakeFiles/rc110_msgs__python.dir/rosidl_generator_py/rc110_msgs/srv/_set_integer_s.c.o[0m
[ 92%] [32m[1mLinking C shared library rosidl_generator_py/rc110_msgs/librc110_msgs__python.so[0m
[ 92%] Built target rc110_msgs__python
[35m[1mScanning dependencies of target rc110_msgs__rosidl_typesupport_c__pyext[0m
[35m[1mScanning dependencies of target rc110_msgs__rosidl_typesupport_fastrtps_c__pyext[0m
[35m[1mScanning dependencies of target rc110_msgs__rosidl_typesupport_introspection_c__pyext[0m
[ 93%] [32mBuilding C object CMakeFiles/rc110_msgs__rosidl_typesupport_fastrtps_c__pyext.dir/rosidl_generator_py/rc110_msgs/_rc110_msgs_s.ep.rosidl_typesupport_fastrtps_c.c.o[0m
[ 96%] [32mBuilding C object CMakeFiles/rc110_msgs__rosidl_typesupport_introspection_c__pyext.dir/rosidl_generator_py/rc110_msgs/_rc110_msgs_s.ep.rosidl_typesupport_introspection_c.c.o[0m
[ 96%] [32mBuilding C object CMakeFiles/rc110_msgs__rosidl_typesupport_c__pyext.dir/rosidl_generator_py/rc110_msgs/_rc110_msgs_s.ep.rosidl_typesupport_c.c.o[0m
[ 97%] [32m[1mLinking CXX shared library rosidl_generator_py/rc110_msgs/rc110_msgs_s__rosidl_typesupport_fastrtps_c.cpython-38-aarch64-linux-gnu.so[0m
[ 98%] [32m[1mLinking C shared library rosidl_generator_py/rc110_msgs/rc110_msgs_s__rosidl_typesupport_introspection_c.cpython-38-aarch64-linux-gnu.so[0m
[100%] [32m[1mLinking C shared library rosidl_generator_py/rc110_msgs/rc110_msgs_s__rosidl_typesupport_c.cpython-38-aarch64-linux-gnu.so[0m
[100%] Built target rc110_msgs__rosidl_typesupport_introspection_c__pyext
[100%] Built target rc110_msgs__rosidl_typesupport_c__pyext
[100%] Built target rc110_msgs__rosidl_typesupport_fastrtps_c__pyext
-- Install configuration: ""
-- Installing: /home/zmp/ros/src/robocar110_ros/rc110_core/install/rc110_msgs/share/ament_index/resource_index/rosidl_interfaces/rc110_msgs
-- Installing: /home/zmp/ros/src/robocar110_ros/rc110_core/install/rc110_msgs/include/rc110_msgs
-- Installing: /home/zmp/ros/src/robocar110_ros/rc110_core/install/rc110_msgs/include/rc110_msgs/msg
-- Installing: /home/zmp/ros/src/robocar110_ros/rc110_core/install/rc110_msgs/include/rc110_msgs/msg/offsets.h
-- Installing: /home/zmp/ros/src/robocar110_ros/rc110_core/install/rc110_msgs/include/rc110_msgs/msg/rosidl_generator_c__visibility_control.h
-- Installing: /home/zmp/ros/src/robocar110_ros/rc110_core/install/rc110_msgs/include/rc110_msgs/msg/motor_rate.h
-- Installing: /home/zmp/ros/src/robocar110_ros/rc110_core/install/rc110_msgs/include/rc110_msgs/msg/string_array.h
-- Installing: /home/zmp/ros/src/robocar110_ros/rc110_core/install/rc110_msgs/include/rc110_msgs/msg/baseboard_error.h
-- Installing: /home/zmp/ros/src/robocar110_ros/rc110_core/install/rc110_msgs/include/rc110_msgs/msg/detail
-- Installing: /home/zmp/ros/src/robocar110_ros/rc110_core/install/rc110_msgs/include/rc110_msgs/msg/detail/string_array__struct.h
-- Installing: /home/zmp/ros/src/robocar110_ros/rc110_core/install/rc110_msgs/include/rc110_msgs/msg/detail/status__functions.h
-- Installing: /home/zmp/ros/src/robocar110_ros/rc110_core/install/rc110_msgs/include/rc110_msgs/msg/detail/motor_rate__functions.h
-- Installing: /home/zmp/ros/src/robocar110_ros/rc110_core/install/rc110_msgs/include/rc110_msgs/msg/detail/status__struct.h
-- Installing: /home/zmp/ros/src/robocar110_ros/rc110_core/install/rc110_msgs/include/rc110_msgs/msg/detail/baseboard_error__type_support.h
-- Installing: /home/zmp/ros/src/robocar110_ros/rc110_core/install/rc110_msgs/include/rc110_msgs/msg/detail/offsets__functions.c
-- Installing: /home/zmp/ros/src/robocar110_ros/rc110_core/install/rc110_msgs/include/rc110_msgs/msg/detail/wheel_speeds__functions.h
-- Installing: /home/zmp/ros/src/robocar110_ros/rc110_core/install/rc110_msgs/include/rc110_msgs/msg/detail/status__type_support.h
-- Installing: /home/zmp/ros/src/robocar110_ros/rc110_core/install/rc110_msgs/include/rc110_msgs/msg/detail/wheel_speeds__struct.h
-- Installing: /home/zmp/ros/src/robocar110_ros/rc110_core/install/rc110_msgs/include/rc110_msgs/msg/detail/motor_rate__functions.c
-- Installing: /home/zmp/ros/src/robocar110_ros/rc110_core/install/rc110_msgs/include/rc110_msgs/msg/detail/string_array__functions.h
-- Installing: /home/zmp/ros/src/robocar110_ros/rc110_core/install/rc110_msgs/include/rc110_msgs/msg/detail/wheel_speeds__type_support.h
-- Installing: /home/zmp/ros/src/robocar110_ros/rc110_core/install/rc110_msgs/include/rc110_msgs/msg/detail/baseboard_error__functions.c
-- Installing: /home/zmp/ros/src/robocar110_ros/rc110_core/install/rc110_msgs/include/rc110_msgs/msg/detail/offsets__struct.h
-- Installing: /home/zmp/ros/src/robocar110_ros/rc110_core/install/rc110_msgs/include/rc110_msgs/msg/detail/baseboard_error__functions.h
-- Installing: /home/zmp/ros/src/robocar110_ros/rc110_core/install/rc110_msgs/include/rc110_msgs/msg/detail/string_array__functions.c
-- Installing: /home/zmp/ros/src/robocar110_ros/rc110_core/install/rc110_msgs/include/rc110_msgs/msg/detail/motor_rate__struct.h
-- Installing: /home/zmp/ros/src/robocar110_ros/rc110_core/install/rc110_msgs/include/rc110_msgs/msg/detail/offsets__functions.h
-- Installing: /home/zmp/ros/src/robocar110_ros/rc110_core/install/rc110_msgs/include/rc110_msgs/msg/detail/string_array__type_support.h
-- Installing: /home/zmp/ros/src/robocar110_ros/rc110_core/install/rc110_msgs/include/rc110_msgs/msg/detail/status__functions.c
-- Installing: /home/zmp/ros/src/robocar110_ros/rc110_core/install/rc110_msgs/include/rc110_msgs/msg/detail/motor_rate__type_support.h
-- Installing: /home/zmp/ros/src/robocar110_ros/rc110_core/install/rc110_msgs/include/rc110_msgs/msg/detail/wheel_speeds__functions.c
-- Installing: /home/zmp/ros/src/robocar110_ros/rc110_core/install/rc110_msgs/include/rc110_msgs/msg/detail/baseboard_error__struct.h
-- Installing: /home/zmp/ros/src/robocar110_ros/rc110_core/install/rc110_msgs/include/rc110_msgs/msg/detail/offsets__type_support.h
-- Installing: /home/zmp/ros/src/robocar110_ros/rc110_core/install/rc110_msgs/include/rc110_msgs/msg/status.h
-- Installing: /home/zmp/ros/src/robocar110_ros/rc110_core/install/rc110_msgs/include/rc110_msgs/msg/wheel_speeds.h
-- Installing: /home/zmp/ros/src/robocar110_ros/rc110_core/install/rc110_msgs/include/rc110_msgs/srv
-- Installing: /home/zmp/ros/src/robocar110_ros/rc110_core/install/rc110_msgs/include/rc110_msgs/srv/set_integer.h
-- Installing: /home/zmp/ros/src/robocar110_ros/rc110_core/install/rc110_msgs/include/rc110_msgs/srv/detail
-- Installing: /home/zmp/ros/src/robocar110_ros/rc110_core/install/rc110_msgs/include/rc110_msgs/srv/detail/set_integer__functions.h
-- Installing: /home/zmp/ros/src/robocar110_ros/rc110_core/install/rc110_msgs/include/rc110_msgs/srv/detail/set_integer__functions.c
-- Installing: /home/zmp/ros/src/robocar110_ros/rc110_core/install/rc110_msgs/include/rc110_msgs/srv/detail/set_integer__struct.h
-- Installing: /home/zmp/ros/src/robocar110_ros/rc110_core/install/rc110_msgs/include/rc110_msgs/srv/detail/set_integer__type_support.h
-- Installing: /home/zmp/ros/src/robocar110_ros/rc110_core/install/rc110_msgs/share/rc110_msgs/environment/library_path.sh
-- Installing: /home/zmp/ros/src/robocar110_ros/rc110_core/install/rc110_msgs/share/rc110_msgs/environment/library_path.dsv
-- Installing: /home/zmp/ros/src/robocar110_ros/rc110_core/install/rc110_msgs/lib/librc110_msgs__rosidl_generator_c.so
-- Set runtime path of "/home/zmp/ros/src/robocar110_ros/rc110_core/install/rc110_msgs/lib/librc110_msgs__rosidl_generator_c.so" to ""
-- Up-to-date: /home/zmp/ros/src/robocar110_ros/rc110_core/install/rc110_msgs/include/rc110_msgs
-- Up-to-date: /home/zmp/ros/src/robocar110_ros/rc110_core/install/rc110_msgs/include/rc110_msgs/msg
-- Up-to-date: /home/zmp/ros/src/robocar110_ros/rc110_core/install/rc110_msgs/include/rc110_msgs/msg/detail
-- Installing: /home/zmp/ros/src/robocar110_ros/rc110_core/install/rc110_msgs/include/rc110_msgs/msg/detail/baseboard_error__rosidl_typesupport_fastrtps_c.h
-- Installing: /home/zmp/ros/src/robocar110_ros/rc110_core/install/rc110_msgs/include/rc110_msgs/msg/detail/offsets__rosidl_typesupport_fastrtps_c.h
-- Installing: /home/zmp/ros/src/robocar110_ros/rc110_core/install/rc110_msgs/include/rc110_msgs/msg/detail/status__rosidl_typesupport_fastrtps_c.h
-- Installing: /home/zmp/ros/src/robocar110_ros/rc110_core/install/rc110_msgs/include/rc110_msgs/msg/detail/wheel_speeds__rosidl_typesupport_fastrtps_c.h
-- Installing: /home/zmp/ros/src/robocar110_ros/rc110_core/install/rc110_msgs/include/rc110_msgs/msg/detail/string_array__rosidl_typesupport_fastrtps_c.h
-- Installing: /home/zmp/ros/src/robocar110_ros/rc110_core/install/rc110_msgs/include/rc110_msgs/msg/detail/motor_rate__rosidl_typesupport_fastrtps_c.h
-- Installing: /home/zmp/ros/src/robocar110_ros/rc110_core/install/rc110_msgs/include/rc110_msgs/msg/rosidl_typesupport_fastrtps_c__visibility_control.h
-- Up-to-date: /home/zmp/ros/src/robocar110_ros/rc110_core/install/rc110_msgs/include/rc110_msgs/srv
-- Up-to-date: /home/zmp/ros/src/robocar110_ros/rc110_core/install/rc110_msgs/include/rc110_msgs/srv/detail
-- Installing: /home/zmp/ros/src/robocar110_ros/rc110_core/install/rc110_msgs/include/rc110_msgs/srv/detail/set_integer__rosidl_typesupport_fastrtps_c.h
-- Installing: /home/zmp/ros/src/robocar110_ros/rc110_core/install/rc110_msgs/lib/librc110_msgs__rosidl_typesupport_fastrtps_c.so
-- Set runtime path of "/home/zmp/ros/src/robocar110_ros/rc110_core/install/rc110_msgs/lib/librc110_msgs__rosidl_typesupport_fastrtps_c.so" to ""
-- Up-to-date: /home/zmp/ros/src/robocar110_ros/rc110_core/install/rc110_msgs/include/rc110_msgs
-- Up-to-date: /home/zmp/ros/src/robocar110_ros/rc110_core/install/rc110_msgs/include/rc110_msgs/msg
-- Installing: /home/zmp/ros/src/robocar110_ros/rc110_core/install/rc110_msgs/include/rc110_msgs/msg/rosidl_typesupport_fastrtps_cpp__visibility_control.h
-- Up-to-date: /home/zmp/ros/src/robocar110_ros/rc110_core/install/rc110_msgs/include/rc110_msgs/msg/detail
-- Installing: /home/zmp/ros/src/robocar110_ros/rc110_core/install/rc110_msgs/include/rc110_msgs/msg/detail/wheel_speeds__rosidl_typesupport_fastrtps_cpp.hpp
-- Installing: /home/zmp/ros/src/robocar110_ros/rc110_core/install/rc110_msgs/include/rc110_msgs/msg/detail/offsets__rosidl_typesupport_fastrtps_cpp.hpp
-- Installing: /home/zmp/ros/src/robocar110_ros/rc110_core/install/rc110_msgs/include/rc110_msgs/msg/detail/baseboard_error__rosidl_typesupport_fastrtps_cpp.hpp
-- Installing: /home/zmp/ros/src/robocar110_ros/rc110_core/install/rc110_msgs/include/rc110_msgs/msg/detail/status__rosidl_typesupport_fastrtps_cpp.hpp
-- Installing: /home/zmp/ros/src/robocar110_ros/rc110_core/install/rc110_msgs/include/rc110_msgs/msg/detail/dds_fastrtps
-- Installing: /home/zmp/ros/src/robocar110_ros/rc110_core/install/rc110_msgs/include/rc110_msgs/msg/detail/string_array__rosidl_typesupport_fastrtps_cpp.hpp
-- Installing: /home/zmp/ros/src/robocar110_ros/rc110_core/install/rc110_msgs/include/rc110_msgs/msg/detail/motor_rate__rosidl_typesupport_fastrtps_cpp.hpp
-- Up-to-date: /home/zmp/ros/src/robocar110_ros/rc110_core/install/rc110_msgs/include/rc110_msgs/srv
-- Up-to-date: /home/zmp/ros/src/robocar110_ros/rc110_core/install/rc110_msgs/include/rc110_msgs/srv/detail
-- Installing: /home/zmp/ros/src/robocar110_ros/rc110_core/install/rc110_msgs/include/rc110_msgs/srv/detail/dds_fastrtps
-- Installing: /home/zmp/ros/src/robocar110_ros/rc110_core/install/rc110_msgs/include/rc110_msgs/srv/detail/set_integer__rosidl_typesupport_fastrtps_cpp.hpp
-- Installing: /home/zmp/ros/src/robocar110_ros/rc110_core/install/rc110_msgs/lib/librc110_msgs__rosidl_typesupport_fastrtps_cpp.so
-- Set runtime path of "/home/zmp/ros/src/robocar110_ros/rc110_core/install/rc110_msgs/lib/librc110_msgs__rosidl_typesupport_fastrtps_cpp.so" to ""
-- Up-to-date: /home/zmp/ros/src/robocar110_ros/rc110_core/install/rc110_msgs/include/rc110_msgs
-- Up-to-date: /home/zmp/ros/src/robocar110_ros/rc110_core/install/rc110_msgs/include/rc110_msgs/msg
-- Installing: /home/zmp/ros/src/robocar110_ros/rc110_core/install/rc110_msgs/include/rc110_msgs/msg/rosidl_typesupport_introspection_c__visibility_control.h
-- Up-to-date: /home/zmp/ros/src/robocar110_ros/rc110_core/install/rc110_msgs/include/rc110_msgs/msg/detail
-- Installing: /home/zmp/ros/src/robocar110_ros/rc110_core/install/rc110_msgs/include/rc110_msgs/msg/detail/offsets__rosidl_typesupport_introspection_c.h
-- Installing: /home/zmp/ros/src/robocar110_ros/rc110_core/install/rc110_msgs/include/rc110_msgs/msg/detail/baseboard_error__rosidl_typesupport_introspection_c.h
-- Installing: /home/zmp/ros/src/robocar110_ros/rc110_core/install/rc110_msgs/include/rc110_msgs/msg/detail/motor_rate__rosidl_typesupport_introspection_c.h
-- Installing: /home/zmp/ros/src/robocar110_ros/rc110_core/install/rc110_msgs/include/rc110_msgs/msg/detail/baseboard_error__type_support.c
-- Installing: /home/zmp/ros/src/robocar110_ros/rc110_core/install/rc110_msgs/include/rc110_msgs/msg/detail/motor_rate__type_support.c
-- Installing: /home/zmp/ros/src/robocar110_ros/rc110_core/install/rc110_msgs/include/rc110_msgs/msg/detail/string_array__rosidl_typesupport_introspection_c.h
-- Installing: /home/zmp/ros/src/robocar110_ros/rc110_core/install/rc110_msgs/include/rc110_msgs/msg/detail/status__type_support.c
-- Installing: /home/zmp/ros/src/robocar110_ros/rc110_core/install/rc110_msgs/include/rc110_msgs/msg/detail/wheel_speeds__rosidl_typesupport_introspection_c.h
-- Installing: /home/zmp/ros/src/robocar110_ros/rc110_core/install/rc110_msgs/include/rc110_msgs/msg/detail/status__rosidl_typesupport_introspection_c.h
-- Installing: /home/zmp/ros/src/robocar110_ros/rc110_core/install/rc110_msgs/include/rc110_msgs/msg/detail/string_array__type_support.c
-- Installing: /home/zmp/ros/src/robocar110_ros/rc110_core/install/rc110_msgs/include/rc110_msgs/msg/detail/offsets__type_support.c
-- Installing: /home/zmp/ros/src/robocar110_ros/rc110_core/install/rc110_msgs/include/rc110_msgs/msg/detail/wheel_speeds__type_support.c
-- Up-to-date: /home/zmp/ros/src/robocar110_ros/rc110_core/install/rc110_msgs/include/rc110_msgs/srv
-- Up-to-date: /home/zmp/ros/src/robocar110_ros/rc110_core/install/rc110_msgs/include/rc110_msgs/srv/detail
-- Installing: /home/zmp/ros/src/robocar110_ros/rc110_core/install/rc110_msgs/include/rc110_msgs/srv/detail/set_integer__rosidl_typesupport_introspection_c.h
-- Installing: /home/zmp/ros/src/robocar110_ros/rc110_core/install/rc110_msgs/include/rc110_msgs/srv/detail/set_integer__type_support.c
-- Installing: /home/zmp/ros/src/robocar110_ros/rc110_core/install/rc110_msgs/lib/librc110_msgs__rosidl_typesupport_introspection_c.so
-- Set runtime path of "/home/zmp/ros/src/robocar110_ros/rc110_core/install/rc110_msgs/lib/librc110_msgs__rosidl_typesupport_introspection_c.so" to ""
-- Installing: /home/zmp/ros/src/robocar110_ros/rc110_core/install/rc110_msgs/lib/librc110_msgs__rosidl_typesupport_c.so
-- Set runtime path of "/home/zmp/ros/src/robocar110_ros/rc110_core/install/rc110_msgs/lib/librc110_msgs__rosidl_typesupport_c.so" to ""
-- Up-to-date: /home/zmp/ros/src/robocar110_ros/rc110_core/install/rc110_msgs/include/rc110_msgs
-- Up-to-date: /home/zmp/ros/src/robocar110_ros/rc110_core/install/rc110_msgs/include/rc110_msgs/msg
-- Installing: /home/zmp/ros/src/robocar110_ros/rc110_core/install/rc110_msgs/include/rc110_msgs/msg/motor_rate.hpp
-- Installing: /home/zmp/ros/src/robocar110_ros/rc110_core/install/rc110_msgs/include/rc110_msgs/msg/status.hpp
-- Installing: /home/zmp/ros/src/robocar110_ros/rc110_core/install/rc110_msgs/include/rc110_msgs/msg/offsets.hpp
-- Up-to-date: /home/zmp/ros/src/robocar110_ros/rc110_core/install/rc110_msgs/include/rc110_msgs/msg/detail
-- Installing: /home/zmp/ros/src/robocar110_ros/rc110_core/install/rc110_msgs/include/rc110_msgs/msg/detail/string_array__struct.hpp
-- Installing: /home/zmp/ros/src/robocar110_ros/rc110_core/install/rc110_msgs/include/rc110_msgs/msg/detail/baseboard_error__traits.hpp
-- Installing: /home/zmp/ros/src/robocar110_ros/rc110_core/install/rc110_msgs/include/rc110_msgs/msg/detail/string_array__traits.hpp
-- Installing: /home/zmp/ros/src/robocar110_ros/rc110_core/install/rc110_msgs/include/rc110_msgs/msg/detail/motor_rate__traits.hpp
-- Installing: /home/zmp/ros/src/robocar110_ros/rc110_core/install/rc110_msgs/include/rc110_msgs/msg/detail/status__builder.hpp
-- Installing: /home/zmp/ros/src/robocar110_ros/rc110_core/install/rc110_msgs/include/rc110_msgs/msg/detail/wheel_speeds__builder.hpp
-- Installing: /home/zmp/ros/src/robocar110_ros/rc110_core/install/rc110_msgs/include/rc110_msgs/msg/detail/wheel_speeds__traits.hpp
-- Installing: /home/zmp/ros/src/robocar110_ros/rc110_core/install/rc110_msgs/include/rc110_msgs/msg/detail/status__traits.hpp
-- Installing: /home/zmp/ros/src/robocar110_ros/rc110_core/install/rc110_msgs/include/rc110_msgs/msg/detail/status__struct.hpp
-- Installing: /home/zmp/ros/src/robocar110_ros/rc110_core/install/rc110_msgs/include/rc110_msgs/msg/detail/string_array__builder.hpp
-- Installing: /home/zmp/ros/src/robocar110_ros/rc110_core/install/rc110_msgs/include/rc110_msgs/msg/detail/offsets__struct.hpp
-- Installing: /home/zmp/ros/src/robocar110_ros/rc110_core/install/rc110_msgs/include/rc110_msgs/msg/detail/motor_rate__struct.hpp
-- Installing: /home/zmp/ros/src/robocar110_ros/rc110_core/install/rc110_msgs/include/rc110_msgs/msg/detail/baseboard_error__builder.hpp
-- Installing: /home/zmp/ros/src/robocar110_ros/rc110_core/install/rc110_msgs/include/rc110_msgs/msg/detail/wheel_speeds__struct.hpp
-- Installing: /home/zmp/ros/src/robocar110_ros/rc110_core/install/rc110_msgs/include/rc110_msgs/msg/detail/offsets__builder.hpp
-- Installing: /home/zmp/ros/src/robocar110_ros/rc110_core/install/rc110_msgs/include/rc110_msgs/msg/detail/motor_rate__builder.hpp
-- Installing: /home/zmp/ros/src/robocar110_ros/rc110_core/install/rc110_msgs/include/rc110_msgs/msg/detail/offsets__traits.hpp
-- Installing: /home/zmp/ros/src/robocar110_ros/rc110_core/install/rc110_msgs/include/rc110_msgs/msg/detail/baseboard_error__struct.hpp
-- Installing: /home/zmp/ros/src/robocar110_ros/rc110_core/install/rc110_msgs/include/rc110_msgs/msg/baseboard_error.hpp
-- Installing: /home/zmp/ros/src/robocar110_ros/rc110_core/install/rc110_msgs/include/rc110_msgs/msg/string_array.hpp
-- Installing: /home/zmp/ros/src/robocar110_ros/rc110_core/install/rc110_msgs/include/rc110_msgs/msg/wheel_speeds.hpp
-- Up-to-date: /home/zmp/ros/src/robocar110_ros/rc110_core/install/rc110_msgs/include/rc110_msgs/srv
-- Up-to-date: /home/zmp/ros/src/robocar110_ros/rc110_core/install/rc110_msgs/include/rc110_msgs/srv/detail
-- Installing: /home/zmp/ros/src/robocar110_ros/rc110_core/install/rc110_msgs/include/rc110_msgs/srv/detail/set_integer__traits.hpp
-- Installing: /home/zmp/ros/src/robocar110_ros/rc110_core/install/rc110_msgs/include/rc110_msgs/srv/detail/set_integer__struct.hpp
-- Installing: /home/zmp/ros/src/robocar110_ros/rc110_core/install/rc110_msgs/include/rc110_msgs/srv/detail/set_integer__builder.hpp
-- Installing: /home/zmp/ros/src/robocar110_ros/rc110_core/install/rc110_msgs/include/rc110_msgs/srv/set_integer.hpp
-- Up-to-date: /home/zmp/ros/src/robocar110_ros/rc110_core/install/rc110_msgs/include/rc110_msgs
-- Up-to-date: /home/zmp/ros/src/robocar110_ros/rc110_core/install/rc110_msgs/include/rc110_msgs/msg
-- Up-to-date: /home/zmp/ros/src/robocar110_ros/rc110_core/install/rc110_msgs/include/rc110_msgs/msg/detail
-- Installing: /home/zmp/ros/src/robocar110_ros/rc110_core/install/rc110_msgs/include/rc110_msgs/msg/detail/wheel_speeds__type_support.cpp
-- Installing: /home/zmp/ros/src/robocar110_ros/rc110_core/install/rc110_msgs/include/rc110_msgs/msg/detail/offsets__rosidl_typesupport_introspection_cpp.hpp
-- Installing: /home/zmp/ros/src/robocar110_ros/rc110_core/install/rc110_msgs/include/rc110_msgs/msg/detail/motor_rate__rosidl_typesupport_introspection_cpp.hpp
-- Installing: /home/zmp/ros/src/robocar110_ros/rc110_core/install/rc110_msgs/include/rc110_msgs/msg/detail/baseboard_error__type_support.cpp
-- Installing: /home/zmp/ros/src/robocar110_ros/rc110_core/install/rc110_msgs/include/rc110_msgs/msg/detail/status__type_support.cpp
-- Installing: /home/zmp/ros/src/robocar110_ros/rc110_core/install/rc110_msgs/include/rc110_msgs/msg/detail/baseboard_error__rosidl_typesupport_introspection_cpp.hpp
-- Installing: /home/zmp/ros/src/robocar110_ros/rc110_core/install/rc110_msgs/include/rc110_msgs/msg/detail/string_array__type_support.cpp
-- Installing: /home/zmp/ros/src/robocar110_ros/rc110_core/install/rc110_msgs/include/rc110_msgs/msg/detail/string_array__rosidl_typesupport_introspection_cpp.hpp
-- Installing: /home/zmp/ros/src/robocar110_ros/rc110_core/install/rc110_msgs/include/rc110_msgs/msg/detail/offsets__type_support.cpp
-- Installing: /home/zmp/ros/src/robocar110_ros/rc110_core/install/rc110_msgs/include/rc110_msgs/msg/detail/wheel_speeds__rosidl_typesupport_introspection_cpp.hpp
-- Installing: /home/zmp/ros/src/robocar110_ros/rc110_core/install/rc110_msgs/include/rc110_msgs/msg/detail/status__rosidl_typesupport_introspection_cpp.hpp
-- Installing: /home/zmp/ros/src/robocar110_ros/rc110_core/install/rc110_msgs/include/rc110_msgs/msg/detail/motor_rate__type_support.cpp
-- Up-to-date: /home/zmp/ros/src/robocar110_ros/rc110_core/install/rc110_msgs/include/rc110_msgs/srv
-- Up-to-date: /home/zmp/ros/src/robocar110_ros/rc110_core/install/rc110_msgs/include/rc110_msgs/srv/detail
-- Installing: /home/zmp/ros/src/robocar110_ros/rc110_core/install/rc110_msgs/include/rc110_msgs/srv/detail/set_integer__type_support.cpp
-- Installing: /home/zmp/ros/src/robocar110_ros/rc110_core/install/rc110_msgs/include/rc110_msgs/srv/detail/set_integer__rosidl_typesupport_introspection_cpp.hpp
-- Installing: /home/zmp/ros/src/robocar110_ros/rc110_core/install/rc110_msgs/lib/librc110_msgs__rosidl_typesupport_introspection_cpp.so
-- Set runtime path of "/home/zmp/ros/src/robocar110_ros/rc110_core/install/rc110_msgs/lib/librc110_msgs__rosidl_typesupport_introspection_cpp.so" to ""
-- Installing: /home/zmp/ros/src/robocar110_ros/rc110_core/install/rc110_msgs/lib/librc110_msgs__rosidl_typesupport_cpp.so
-- Set runtime path of "/home/zmp/ros/src/robocar110_ros/rc110_core/install/rc110_msgs/lib/librc110_msgs__rosidl_typesupport_cpp.so" to ""
-- Installing: /home/zmp/ros/src/robocar110_ros/rc110_core/install/rc110_msgs/share/rc110_msgs/environment/pythonpath.sh
-- Installing: /home/zmp/ros/src/robocar110_ros/rc110_core/install/rc110_msgs/share/rc110_msgs/environment/pythonpath.dsv
-- Installing: /home/zmp/ros/src/robocar110_ros/rc110_core/install/rc110_msgs/lib/python3.8/site-packages/rc110_msgs/__init__.py
Compiling '/home/zmp/ros/src/robocar110_ros/rc110_core/install/rc110_msgs/lib/python3.8/site-packages/rc110_msgs/__init__.py'...
-- Installing: /home/zmp/ros/src/robocar110_ros/rc110_core/install/rc110_msgs/lib/python3.8/site-packages/rc110_msgs/msg
-- Installing: /home/zmp/ros/src/robocar110_ros/rc110_core/install/rc110_msgs/lib/python3.8/site-packages/rc110_msgs/msg/_baseboard_error.py
-- Installing: /home/zmp/ros/src/robocar110_ros/rc110_core/install/rc110_msgs/lib/python3.8/site-packages/rc110_msgs/msg/_string_array.py
-- Installing: /home/zmp/ros/src/robocar110_ros/rc110_core/install/rc110_msgs/lib/python3.8/site-packages/rc110_msgs/msg/_offsets.py
-- Installing: /home/zmp/ros/src/robocar110_ros/rc110_core/install/rc110_msgs/lib/python3.8/site-packages/rc110_msgs/msg/_wheel_speeds_s.c
-- Installing: /home/zmp/ros/src/robocar110_ros/rc110_core/install/rc110_msgs/lib/python3.8/site-packages/rc110_msgs/msg/_offsets_s.c
-- Installing: /home/zmp/ros/src/robocar110_ros/rc110_core/install/rc110_msgs/lib/python3.8/site-packages/rc110_msgs/msg/_baseboard_error_s.c
-- Installing: /home/zmp/ros/src/robocar110_ros/rc110_core/install/rc110_msgs/lib/python3.8/site-packages/rc110_msgs/msg/_wheel_speeds.py
-- Installing: /home/zmp/ros/src/robocar110_ros/rc110_core/install/rc110_msgs/lib/python3.8/site-packages/rc110_msgs/msg/_status.py
-- Installing: /home/zmp/ros/src/robocar110_ros/rc110_core/install/rc110_msgs/lib/python3.8/site-packages/rc110_msgs/msg/_motor_rate.py
-- Installing: /home/zmp/ros/src/robocar110_ros/rc110_core/install/rc110_msgs/lib/python3.8/site-packages/rc110_msgs/msg/_status_s.c
-- Installing: /home/zmp/ros/src/robocar110_ros/rc110_core/install/rc110_msgs/lib/python3.8/site-packages/rc110_msgs/msg/_string_array_s.c
-- Installing: /home/zmp/ros/src/robocar110_ros/rc110_core/install/rc110_msgs/lib/python3.8/site-packages/rc110_msgs/msg/_motor_rate_s.c
-- Installing: /home/zmp/ros/src/robocar110_ros/rc110_core/install/rc110_msgs/lib/python3.8/site-packages/rc110_msgs/msg/__init__.py
-- Installing: /home/zmp/ros/src/robocar110_ros/rc110_core/install/rc110_msgs/lib/python3.8/site-packages/rc110_msgs/srv
-- Installing: /home/zmp/ros/src/robocar110_ros/rc110_core/install/rc110_msgs/lib/python3.8/site-packages/rc110_msgs/srv/_set_integer_s.c
-- Installing: /home/zmp/ros/src/robocar110_ros/rc110_core/install/rc110_msgs/lib/python3.8/site-packages/rc110_msgs/srv/_set_integer.py
-- Installing: /home/zmp/ros/src/robocar110_ros/rc110_core/install/rc110_msgs/lib/python3.8/site-packages/rc110_msgs/srv/__init__.py
-- Installing: /home/zmp/ros/src/robocar110_ros/rc110_core/install/rc110_msgs/lib/python3.8/site-packages/rc110_msgs/rc110_msgs_s__rosidl_typesupport_fastrtps_c.cpython-38-aarch64-linux-gnu.so
-- Set runtime path of "/home/zmp/ros/src/robocar110_ros/rc110_core/install/rc110_msgs/lib/python3.8/site-packages/rc110_msgs/rc110_msgs_s__rosidl_typesupport_fastrtps_c.cpython-38-aarch64-linux-gnu.so" to ""
-- Installing: /home/zmp/ros/src/robocar110_ros/rc110_core/install/rc110_msgs/lib/python3.8/site-packages/rc110_msgs/rc110_msgs_s__rosidl_typesupport_introspection_c.cpython-38-aarch64-linux-gnu.so
-- Set runtime path of "/home/zmp/ros/src/robocar110_ros/rc110_core/install/rc110_msgs/lib/python3.8/site-packages/rc110_msgs/rc110_msgs_s__rosidl_typesupport_introspection_c.cpython-38-aarch64-linux-gnu.so" to ""
-- Installing: /home/zmp/ros/src/robocar110_ros/rc110_core/install/rc110_msgs/lib/python3.8/site-packages/rc110_msgs/rc110_msgs_s__rosidl_typesupport_c.cpython-38-aarch64-linux-gnu.so
-- Set runtime path of "/home/zmp/ros/src/robocar110_ros/rc110_core/install/rc110_msgs/lib/python3.8/site-packages/rc110_msgs/rc110_msgs_s__rosidl_typesupport_c.cpython-38-aarch64-linux-gnu.so" to ""
-- Installing: /home/zmp/ros/src/robocar110_ros/rc110_core/install/rc110_msgs/lib/librc110_msgs__python.so
-- Set runtime path of "/home/zmp/ros/src/robocar110_ros/rc110_core/install/rc110_msgs/lib/librc110_msgs__python.so" to ""
-- Installing: /home/zmp/ros/src/robocar110_ros/rc110_core/install/rc110_msgs/share/rc110_msgs/msg/BaseboardError.idl
-- Installing: /home/zmp/ros/src/robocar110_ros/rc110_core/install/rc110_msgs/share/rc110_msgs/msg/MotorRate.idl
-- Installing: /home/zmp/ros/src/robocar110_ros/rc110_core/install/rc110_msgs/share/rc110_msgs/msg/Offsets.idl
-- Installing: /home/zmp/ros/src/robocar110_ros/rc110_core/install/rc110_msgs/share/rc110_msgs/msg/Status.idl
-- Installing: /home/zmp/ros/src/robocar110_ros/rc110_core/install/rc110_msgs/share/rc110_msgs/msg/StringArray.idl
-- Installing: /home/zmp/ros/src/robocar110_ros/rc110_core/install/rc110_msgs/share/rc110_msgs/msg/WheelSpeeds.idl
-- Installing: /home/zmp/ros/src/robocar110_ros/rc110_core/install/rc110_msgs/share/rc110_msgs/srv/SetInteger.idl
-- Installing: /home/zmp/ros/src/robocar110_ros/rc110_core/install/rc110_msgs/share/rc110_msgs/msg/BaseboardError.msg
-- Installing: /home/zmp/ros/src/robocar110_ros/rc110_core/install/rc110_msgs/share/rc110_msgs/msg/MotorRate.msg
-- Installing: /home/zmp/ros/src/robocar110_ros/rc110_core/install/rc110_msgs/share/rc110_msgs/msg/Offsets.msg
-- Installing: /home/zmp/ros/src/robocar110_ros/rc110_core/install/rc110_msgs/share/rc110_msgs/msg/Status.msg
-- Installing: /home/zmp/ros/src/robocar110_ros/rc110_core/install/rc110_msgs/share/rc110_msgs/msg/StringArray.msg
-- Installing: /home/zmp/ros/src/robocar110_ros/rc110_core/install/rc110_msgs/share/rc110_msgs/msg/WheelSpeeds.msg
-- Installing: /home/zmp/ros/src/robocar110_ros/rc110_core/install/rc110_msgs/share/rc110_msgs/srv/SetInteger.srv
-- Installing: /home/zmp/ros/src/robocar110_ros/rc110_core/install/rc110_msgs/share/rc110_msgs/srv/SetInteger_Request.msg
-- Installing: /home/zmp/ros/src/robocar110_ros/rc110_core/install/rc110_msgs/share/rc110_msgs/srv/SetInteger_Response.msg
-- Installing: /home/zmp/ros/src/robocar110_ros/rc110_core/install/rc110_msgs/share/ament_index/resource_index/package_run_dependencies/rc110_msgs
-- Installing: /home/zmp/ros/src/robocar110_ros/rc110_core/install/rc110_msgs/share/ament_index/resource_index/parent_prefix_path/rc110_msgs
-- Installing: /home/zmp/ros/src/robocar110_ros/rc110_core/install/rc110_msgs/share/rc110_msgs/environment/ament_prefix_path.sh
-- Installing: /home/zmp/ros/src/robocar110_ros/rc110_core/install/rc110_msgs/share/rc110_msgs/environment/ament_prefix_path.dsv
-- Installing: /home/zmp/ros/src/robocar110_ros/rc110_core/install/rc110_msgs/share/rc110_msgs/environment/path.sh
-- Installing: /home/zmp/ros/src/robocar110_ros/rc110_core/install/rc110_msgs/share/rc110_msgs/environment/path.dsv
-- Installing: /home/zmp/ros/src/robocar110_ros/rc110_core/install/rc110_msgs/share/rc110_msgs/local_setup.bash
-- Installing: /home/zmp/ros/src/robocar110_ros/rc110_core/install/rc110_msgs/share/rc110_msgs/local_setup.sh
-- Installing: /home/zmp/ros/src/robocar110_ros/rc110_core/install/rc110_msgs/share/rc110_msgs/local_setup.zsh
-- Installing: /home/zmp/ros/src/robocar110_ros/rc110_core/install/rc110_msgs/share/rc110_msgs/local_setup.dsv
-- Installing: /home/zmp/ros/src/robocar110_ros/rc110_core/install/rc110_msgs/share/rc110_msgs/package.dsv
-- Installing: /home/zmp/ros/src/robocar110_ros/rc110_core/install/rc110_msgs/share/ament_index/resource_index/packages/rc110_msgs
-- Installing: /home/zmp/ros/src/robocar110_ros/rc110_core/install/rc110_msgs/share/rc110_msgs/cmake/rc110_msgs__rosidl_generator_cExport.cmake
-- Installing: /home/zmp/ros/src/robocar110_ros/rc110_core/install/rc110_msgs/share/rc110_msgs/cmake/rc110_msgs__rosidl_generator_cExport-noconfig.cmake
-- Installing: /home/zmp/ros/src/robocar110_ros/rc110_core/install/rc110_msgs/share/rc110_msgs/cmake/rc110_msgs__rosidl_typesupport_introspection_cExport.cmake
-- Installing: /home/zmp/ros/src/robocar110_ros/rc110_core/install/rc110_msgs/share/rc110_msgs/cmake/rc110_msgs__rosidl_typesupport_introspection_cExport-noconfig.cmake
-- Installing: /home/zmp/ros/src/robocar110_ros/rc110_core/install/rc110_msgs/share/rc110_msgs/cmake/rc110_msgs__rosidl_typesupport_cExport.cmake
-- Installing: /home/zmp/ros/src/robocar110_ros/rc110_core/install/rc110_msgs/share/rc110_msgs/cmake/rc110_msgs__rosidl_typesupport_cExport-noconfig.cmake
-- Installing: /home/zmp/ros/src/robocar110_ros/rc110_core/install/rc110_msgs/share/rc110_msgs/cmake/rc110_msgs__rosidl_generator_cppExport.cmake
-- Installing: /home/zmp/ros/src/robocar110_ros/rc110_core/install/rc110_msgs/share/rc110_msgs/cmake/rc110_msgs__rosidl_typesupport_introspection_cppExport.cmake
-- Installing: /home/zmp/ros/src/robocar110_ros/rc110_core/install/rc110_msgs/share/rc110_msgs/cmake/rc110_msgs__rosidl_typesupport_introspection_cppExport-noconfig.cmake
-- Installing: /home/zmp/ros/src/robocar110_ros/rc110_core/install/rc110_msgs/share/rc110_msgs/cmake/rc110_msgs__rosidl_typesupport_cppExport.cmake
-- Installing: /home/zmp/ros/src/robocar110_ros/rc110_core/install/rc110_msgs/share/rc110_msgs/cmake/rc110_msgs__rosidl_typesupport_cppExport-noconfig.cmake
-- Installing: /home/zmp/ros/src/robocar110_ros/rc110_core/install/rc110_msgs/share/rc110_msgs/cmake/rosidl_cmake-extras.cmake
-- Installing: /home/zmp/ros/src/robocar110_ros/rc110_core/install/rc110_msgs/share/rc110_msgs/cmake/ament_cmake_export_dependencies-extras.cmake
-- Installing: /home/zmp/ros/src/robocar110_ros/rc110_core/install/rc110_msgs/share/rc110_msgs/cmake/ament_cmake_export_libraries-extras.cmake
-- Installing: /home/zmp/ros/src/robocar110_ros/rc110_core/install/rc110_msgs/share/rc110_msgs/cmake/ament_cmake_export_targets-extras.cmake
-- Installing: /home/zmp/ros/src/robocar110_ros/rc110_core/install/rc110_msgs/share/rc110_msgs/cmake/ament_cmake_export_include_directories-extras.cmake
-- Installing: /home/zmp/ros/src/robocar110_ros/rc110_core/install/rc110_msgs/share/rc110_msgs/cmake/rosidl_cmake_export_typesupport_libraries-extras.cmake
-- Installing: /home/zmp/ros/src/robocar110_ros/rc110_core/install/rc110_msgs/share/rc110_msgs/cmake/rosidl_cmake_export_typesupport_targets-extras.cmake
-- Installing: /home/zmp/ros/src/robocar110_ros/rc110_core/install/rc110_msgs/share/rc110_msgs/cmake/rc110_msgsConfig.cmake
-- Installing: /home/zmp/ros/src/robocar110_ros/rc110_core/install/rc110_msgs/share/rc110_msgs/cmake/rc110_msgsConfig-version.cmake
-- Installing: /home/zmp/ros/src/robocar110_ros/rc110_core/install/rc110_msgs/share/rc110_msgs/package.xml
