[1.102s] DEBUG:colcon:Command line arguments: ['/usr/bin/colcon', 'build', '--packages-select', 'rc110_laserscans_to_pointcloud']
[1.103s] DEBUG:colcon:Parsed command line arguments: Namespace(allow_overriding=[], ament_cmake_args=None, base_paths=['.'], build_base='build', catkin_cmake_args=None, catkin_skip_building_tests=False, cmake_args=None, cmake_clean_cache=False, cmake_clean_first=False, cmake_force_configure=False, cmake_target=None, cmake_target_skip_unavailable=False, continue_on_error=False, event_handlers=None, executor='parallel', ignore_user_meta=False, install_base='install', log_base=None, log_level=None, main=<bound method BuildVerb.main of <colcon_core.verb.build.BuildVerb object at 0xffffa4b119d0>>, merge_install=False, metas=['./colcon.meta'], packages_above=None, packages_above_and_dependencies=None, packages_above_depth=None, packages_end=None, packages_ignore=None, packages_ignore_regex=None, packages_select=['rc110_laserscans_to_pointcloud'], packages_select_build_failed=False, packages_select_by_dep=None, packages_select_regex=None, packages_select_test_failures=False, packages_skip=None, packages_skip_build_finished=False, packages_skip_by_dep=None, packages_skip_regex=None, packages_skip_test_passed=False, packages_skip_up_to=None, packages_start=None, packages_up_to=None, packages_up_to_regex=None, parallel_workers=4, paths=None, symlink_install=False, test_result_base=None, verb_extension=<colcon_core.verb.build.BuildVerb object at 0xffffa4b119d0>, verb_name='build', verb_parser=<colcon_defaults.argument_parser.defaults.DefaultArgumentsDecorator object at 0xffffa4b11f40>)
[1.204s] Level 1:colcon.colcon_core.package_discovery:discover_packages(colcon_meta) check parameters
[1.204s] Level 1:colcon.colcon_core.package_discovery:discover_packages(recursive) check parameters
[1.205s] Level 1:colcon.colcon_core.package_discovery:discover_packages(ignore) check parameters
[1.205s] Level 1:colcon.colcon_core.package_discovery:discover_packages(path) check parameters
[1.205s] Level 1:colcon.colcon_core.package_discovery:discover_packages(colcon_meta) discover
[1.205s] Level 1:colcon.colcon_core.package_discovery:discover_packages(recursive) discover
[1.205s] INFO:colcon.colcon_core.package_discovery:Crawling recursively for packages in '/home/zmp/ros/src/robocar110_ros/rc110_core'
[1.206s] Level 1:colcon.colcon_core.package_identification:_identify(.) by extensions ['ignore', 'ignore_ament_install']
[1.207s] Level 1:colcon.colcon_core.package_identification:_identify(.) by extension 'ignore'
[1.207s] Level 1:colcon.colcon_core.package_identification:_identify(.) by extension 'ignore_ament_install'
[1.207s] Level 1:colcon.colcon_core.package_identification:_identify(.) by extensions ['colcon_pkg']
[1.207s] Level 1:colcon.colcon_core.package_identification:_identify(.) by extension 'colcon_pkg'
[1.208s] Level 1:colcon.colcon_core.package_identification:_identify(.) by extensions ['colcon_meta']
[1.208s] Level 1:colcon.colcon_core.package_identification:_identify(.) by extension 'colcon_meta'
[1.208s] Level 1:colcon.colcon_core.package_identification:_identify(.) by extensions ['ros']
[1.208s] Level 1:colcon.colcon_core.package_identification:_identify(.) by extension 'ros'
[1.287s] Level 1:colcon.colcon_core.package_identification:_identify(.) by extensions ['cmake', 'python']
[1.288s] Level 1:colcon.colcon_core.package_identification:_identify(.) by extension 'cmake'
[1.288s] Level 1:colcon.colcon_core.package_identification:_identify(.) by extension 'python'
[1.288s] Level 1:colcon.colcon_core.package_identification:_identify(.) by extensions ['python_setup_py']
[1.288s] Level 1:colcon.colcon_core.package_identification:_identify(.) by extension 'python_setup_py'
[1.289s] Level 1:colcon.colcon_core.package_identification:_identify(build) by extensions ['ignore', 'ignore_ament_install']
[1.289s] Level 1:colcon.colcon_core.package_identification:_identify(build) by extension 'ignore'
[1.290s] Level 1:colcon.colcon_core.package_identification:_identify(build) ignored
[1.290s] Level 1:colcon.colcon_core.package_identification:_identify(install) by extensions ['ignore', 'ignore_ament_install']
[1.291s] Level 1:colcon.colcon_core.package_identification:_identify(install) by extension 'ignore'
[1.291s] Level 1:colcon.colcon_core.package_identification:_identify(install) ignored
[1.292s] Level 1:colcon.colcon_core.package_identification:_identify(log) by extensions ['ignore', 'ignore_ament_install']
[1.292s] Level 1:colcon.colcon_core.package_identification:_identify(log) by extension 'ignore'
[1.292s] Level 1:colcon.colcon_core.package_identification:_identify(log) ignored
[1.292s] Level 1:colcon.colcon_core.package_identification:_identify(matlab_msg_gen_ros1) by extensions ['ignore', 'ignore_ament_install']
[1.293s] Level 1:colcon.colcon_core.package_identification:_identify(matlab_msg_gen_ros1) by extension 'ignore'
[1.293s] Level 1:colcon.colcon_core.package_identification:_identify(matlab_msg_gen_ros1) ignored
[1.293s] Level 1:colcon.colcon_core.package_identification:_identify(rc110) by extensions ['ignore', 'ignore_ament_install']
[1.293s] Level 1:colcon.colcon_core.package_identification:_identify(rc110) by extension 'ignore'
[1.294s] Level 1:colcon.colcon_core.package_identification:_identify(rc110) by extension 'ignore_ament_install'
[1.294s] Level 1:colcon.colcon_core.package_identification:_identify(rc110) by extensions ['colcon_pkg']
[1.294s] Level 1:colcon.colcon_core.package_identification:_identify(rc110) by extension 'colcon_pkg'
[1.294s] Level 1:colcon.colcon_core.package_identification:_identify(rc110) by extensions ['colcon_meta']
[1.294s] Level 1:colcon.colcon_core.package_identification:_identify(rc110) by extension 'colcon_meta'
[1.295s] Level 1:colcon.colcon_core.package_identification:_identify(rc110) by extensions ['ros']
[1.295s] Level 1:colcon.colcon_core.package_identification:_identify(rc110) by extension 'ros'
[1.304s] DEBUG:colcon.colcon_core.package_identification:Package 'rc110' with type 'ros.ament_cmake' and name 'rc110'
[1.304s] Level 1:colcon.colcon_core.package_identification:_identify(rc110_laserscans_to_pointcloud) by extensions ['ignore', 'ignore_ament_install']
[1.305s] Level 1:colcon.colcon_core.package_identification:_identify(rc110_laserscans_to_pointcloud) by extension 'ignore'
[1.305s] Level 1:colcon.colcon_core.package_identification:_identify(rc110_laserscans_to_pointcloud) by extension 'ignore_ament_install'
[1.305s] Level 1:colcon.colcon_core.package_identification:_identify(rc110_laserscans_to_pointcloud) by extensions ['colcon_pkg']
[1.305s] Level 1:colcon.colcon_core.package_identification:_identify(rc110_laserscans_to_pointcloud) by extension 'colcon_pkg'
[1.306s] Level 1:colcon.colcon_core.package_identification:_identify(rc110_laserscans_to_pointcloud) by extensions ['colcon_meta']
[1.306s] Level 1:colcon.colcon_core.package_identification:_identify(rc110_laserscans_to_pointcloud) by extension 'colcon_meta'
[1.306s] Level 1:colcon.colcon_core.package_identification:_identify(rc110_laserscans_to_pointcloud) by extensions ['ros']
[1.306s] Level 1:colcon.colcon_core.package_identification:_identify(rc110_laserscans_to_pointcloud) by extension 'ros'
[1.309s] DEBUG:colcon.colcon_core.package_identification:Package 'rc110_laserscans_to_pointcloud' with type 'ros.ament_cmake' and name 'rc110_laserscans_to_pointcloud'
[1.310s] Level 1:colcon.colcon_core.package_identification:_identify(rc110_msgs) by extensions ['ignore', 'ignore_ament_install']
[1.310s] Level 1:colcon.colcon_core.package_identification:_identify(rc110_msgs) by extension 'ignore'
[1.310s] Level 1:colcon.colcon_core.package_identification:_identify(rc110_msgs) by extension 'ignore_ament_install'
[1.311s] Level 1:colcon.colcon_core.package_identification:_identify(rc110_msgs) by extensions ['colcon_pkg']
[1.311s] Level 1:colcon.colcon_core.package_identification:_identify(rc110_msgs) by extension 'colcon_pkg'
[1.311s] Level 1:colcon.colcon_core.package_identification:_identify(rc110_msgs) by extensions ['colcon_meta']
[1.311s] Level 1:colcon.colcon_core.package_identification:_identify(rc110_msgs) by extension 'colcon_meta'
[1.311s] Level 1:colcon.colcon_core.package_identification:_identify(rc110_msgs) by extensions ['ros']
[1.312s] Level 1:colcon.colcon_core.package_identification:_identify(rc110_msgs) by extension 'ros'
[1.314s] DEBUG:colcon.colcon_core.package_identification:Package 'rc110_msgs' with type 'ros.ament_cmake' and name 'rc110_msgs'
[1.314s] Level 1:colcon.colcon_core.package_identification:_identify(rc110_rviz) by extensions ['ignore', 'ignore_ament_install']
[1.315s] Level 1:colcon.colcon_core.package_identification:_identify(rc110_rviz) by extension 'ignore'
[1.315s] Level 1:colcon.colcon_core.package_identification:_identify(rc110_rviz) by extension 'ignore_ament_install'
[1.315s] Level 1:colcon.colcon_core.package_identification:_identify(rc110_rviz) by extensions ['colcon_pkg']
[1.315s] Level 1:colcon.colcon_core.package_identification:_identify(rc110_rviz) by extension 'colcon_pkg'
[1.316s] Level 1:colcon.colcon_core.package_identification:_identify(rc110_rviz) by extensions ['colcon_meta']
[1.316s] Level 1:colcon.colcon_core.package_identification:_identify(rc110_rviz) by extension 'colcon_meta'
[1.316s] Level 1:colcon.colcon_core.package_identification:_identify(rc110_rviz) by extensions ['ros']
[1.316s] Level 1:colcon.colcon_core.package_identification:_identify(rc110_rviz) by extension 'ros'
[1.321s] DEBUG:colcon.colcon_core.package_identification:Package 'rc110_rviz' with type 'ros.ament_cmake' and name 'rc110_rviz'
[1.321s] Level 1:colcon.colcon_core.package_identification:_identify(rc110_selector) by extensions ['ignore', 'ignore_ament_install']
[1.322s] Level 1:colcon.colcon_core.package_identification:_identify(rc110_selector) by extension 'ignore'
[1.322s] Level 1:colcon.colcon_core.package_identification:_identify(rc110_selector) by extension 'ignore_ament_install'
[1.322s] Level 1:colcon.colcon_core.package_identification:_identify(rc110_selector) by extensions ['colcon_pkg']
[1.322s] Level 1:colcon.colcon_core.package_identification:_identify(rc110_selector) by extension 'colcon_pkg'
[1.323s] Level 1:colcon.colcon_core.package_identification:_identify(rc110_selector) by extensions ['colcon_meta']
[1.323s] Level 1:colcon.colcon_core.package_identification:_identify(rc110_selector) by extension 'colcon_meta'
[1.323s] Level 1:colcon.colcon_core.package_identification:_identify(rc110_selector) by extensions ['ros']
[1.323s] Level 1:colcon.colcon_core.package_identification:_identify(rc110_selector) by extension 'ros'
[1.325s] DEBUG:colcon.colcon_core.package_identification:Package 'rc110_selector' with type 'ros.ament_cmake' and name 'rc110_selector'
[1.326s] Level 1:colcon.colcon_core.package_identification:_identify(rc110_teleop) by extensions ['ignore', 'ignore_ament_install']
[1.326s] Level 1:colcon.colcon_core.package_identification:_identify(rc110_teleop) by extension 'ignore'
[1.326s] Level 1:colcon.colcon_core.package_identification:_identify(rc110_teleop) by extension 'ignore_ament_install'
[1.327s] Level 1:colcon.colcon_core.package_identification:_identify(rc110_teleop) by extensions ['colcon_pkg']
[1.327s] Level 1:colcon.colcon_core.package_identification:_identify(rc110_teleop) by extension 'colcon_pkg'
[1.327s] Level 1:colcon.colcon_core.package_identification:_identify(rc110_teleop) by extensions ['colcon_meta']
[1.327s] Level 1:colcon.colcon_core.package_identification:_identify(rc110_teleop) by extension 'colcon_meta'
[1.327s] Level 1:colcon.colcon_core.package_identification:_identify(rc110_teleop) by extensions ['ros']
[1.327s] Level 1:colcon.colcon_core.package_identification:_identify(rc110_teleop) by extension 'ros'
[1.332s] DEBUG:colcon.colcon_core.package_identification:Package 'rc110_teleop' with type 'ros.ament_cmake' and name 'rc110_teleop'
[1.333s] Level 1:colcon.colcon_core.package_identification:_identify(rc110_topic_tools) by extensions ['ignore', 'ignore_ament_install']
[1.334s] Level 1:colcon.colcon_core.package_identification:_identify(rc110_topic_tools) by extension 'ignore'
[1.334s] Level 1:colcon.colcon_core.package_identification:_identify(rc110_topic_tools) by extension 'ignore_ament_install'
[1.335s] Level 1:colcon.colcon_core.package_identification:_identify(rc110_topic_tools) by extensions ['colcon_pkg']
[1.335s] Level 1:colcon.colcon_core.package_identification:_identify(rc110_topic_tools) by extension 'colcon_pkg'
[1.335s] Level 1:colcon.colcon_core.package_identification:_identify(rc110_topic_tools) by extensions ['colcon_meta']
[1.336s] Level 1:colcon.colcon_core.package_identification:_identify(rc110_topic_tools) by extension 'colcon_meta'
[1.336s] Level 1:colcon.colcon_core.package_identification:_identify(rc110_topic_tools) by extensions ['ros']
[1.336s] Level 1:colcon.colcon_core.package_identification:_identify(rc110_topic_tools) by extension 'ros'
[1.340s] DEBUG:colcon.colcon_core.package_identification:Package 'rc110_topic_tools' with type 'ros.ament_cmake' and name 'rc110_topic_tools'
[1.341s] Level 1:colcon.colcon_core.package_identification:_identify(rc110_twist_to_ackermann) by extensions ['ignore', 'ignore_ament_install']
[1.342s] Level 1:colcon.colcon_core.package_identification:_identify(rc110_twist_to_ackermann) by extension 'ignore'
[1.342s] Level 1:colcon.colcon_core.package_identification:_identify(rc110_twist_to_ackermann) by extension 'ignore_ament_install'
[1.342s] Level 1:colcon.colcon_core.package_identification:_identify(rc110_twist_to_ackermann) by extensions ['colcon_pkg']
[1.342s] Level 1:colcon.colcon_core.package_identification:_identify(rc110_twist_to_ackermann) by extension 'colcon_pkg'
[1.343s] Level 1:colcon.colcon_core.package_identification:_identify(rc110_twist_to_ackermann) by extensions ['colcon_meta']
[1.343s] Level 1:colcon.colcon_core.package_identification:_identify(rc110_twist_to_ackermann) by extension 'colcon_meta'
[1.343s] Level 1:colcon.colcon_core.package_identification:_identify(rc110_twist_to_ackermann) by extensions ['ros']
[1.343s] Level 1:colcon.colcon_core.package_identification:_identify(rc110_twist_to_ackermann) by extension 'ros'
[1.346s] DEBUG:colcon.colcon_core.package_identification:Package 'rc110_twist_to_ackermann' with type 'ros.ament_cmake' and name 'rc110_twist_to_ackermann'
[1.346s] Level 1:colcon.colcon_core.package_identification:_identify(rviz_video_panel) by extensions ['ignore', 'ignore_ament_install']
[1.347s] Level 1:colcon.colcon_core.package_identification:_identify(rviz_video_panel) by extension 'ignore'
[1.347s] Level 1:colcon.colcon_core.package_identification:_identify(rviz_video_panel) by extension 'ignore_ament_install'
[1.347s] Level 1:colcon.colcon_core.package_identification:_identify(rviz_video_panel) by extensions ['colcon_pkg']
[1.347s] Level 1:colcon.colcon_core.package_identification:_identify(rviz_video_panel) by extension 'colcon_pkg'
[1.348s] Level 1:colcon.colcon_core.package_identification:_identify(rviz_video_panel) by extensions ['colcon_meta']
[1.348s] Level 1:colcon.colcon_core.package_identification:_identify(rviz_video_panel) by extension 'colcon_meta'
[1.348s] Level 1:colcon.colcon_core.package_identification:_identify(rviz_video_panel) by extensions ['ros']
[1.348s] Level 1:colcon.colcon_core.package_identification:_identify(rviz_video_panel) by extension 'ros'
[1.350s] DEBUG:colcon.colcon_core.package_identification:Package 'rviz_video_panel' with type 'ros.ament_cmake' and name 'rviz_video_panel'
[1.351s] Level 1:colcon.colcon_core.package_discovery:discover_packages(recursive) using defaults
[1.351s] Level 1:colcon.colcon_core.package_discovery:discover_packages(ignore) discover
[1.351s] Level 1:colcon.colcon_core.package_discovery:discover_packages(ignore) using defaults
[1.351s] Level 1:colcon.colcon_core.package_discovery:discover_packages(path) discover
[1.351s] Level 1:colcon.colcon_core.package_discovery:discover_packages(path) using defaults
[1.420s] INFO:colcon.colcon_core.package_selection:Skipping not selected package 'rc110_msgs' in 'rc110_msgs'
[1.421s] INFO:colcon.colcon_core.package_selection:Skipping not selected package 'rc110_selector' in 'rc110_selector'
[1.421s] INFO:colcon.colcon_core.package_selection:Skipping not selected package 'rc110_topic_tools' in 'rc110_topic_tools'
[1.421s] INFO:colcon.colcon_core.package_selection:Skipping not selected package 'rc110_twist_to_ackermann' in 'rc110_twist_to_ackermann'
[1.421s] INFO:colcon.colcon_core.package_selection:Skipping not selected package 'rviz_video_panel' in 'rviz_video_panel'
[1.421s] INFO:colcon.colcon_core.package_selection:Skipping not selected package 'rc110' in 'rc110'
[1.421s] INFO:colcon.colcon_core.package_selection:Skipping not selected package 'rc110_rviz' in 'rc110_rviz'
[1.422s] INFO:colcon.colcon_core.package_selection:Skipping not selected package 'rc110_teleop' in 'rc110_teleop'
[1.424s] Level 1:colcon.colcon_core.package_discovery:discover_packages(prefix_path) check parameters
[1.424s] Level 1:colcon.colcon_core.package_discovery:discover_packages(prefix_path) discover
[1.438s] DEBUG:colcon.colcon_installed_package_information.package_discovery:Found 257 installed packages in /opt/ros/foxy
[1.444s] Level 1:colcon.colcon_core.package_discovery:discover_packages(prefix_path) using defaults
[1.757s] Level 5:colcon.colcon_core.verb:set package 'rc110_laserscans_to_pointcloud' build argument 'cmake_args' from command line to 'None'
[1.757s] Level 5:colcon.colcon_core.verb:set package 'rc110_laserscans_to_pointcloud' build argument 'cmake_target' from command line to 'None'
[1.757s] Level 5:colcon.colcon_core.verb:set package 'rc110_laserscans_to_pointcloud' build argument 'cmake_target_skip_unavailable' from command line to 'False'
[1.757s] Level 5:colcon.colcon_core.verb:set package 'rc110_laserscans_to_pointcloud' build argument 'cmake_clean_cache' from command line to 'False'
[1.757s] Level 5:colcon.colcon_core.verb:set package 'rc110_laserscans_to_pointcloud' build argument 'cmake_clean_first' from command line to 'False'
[1.757s] Level 5:colcon.colcon_core.verb:set package 'rc110_laserscans_to_pointcloud' build argument 'cmake_force_configure' from command line to 'False'
[1.758s] Level 5:colcon.colcon_core.verb:set package 'rc110_laserscans_to_pointcloud' build argument 'ament_cmake_args' from command line to 'None'
[1.758s] Level 5:colcon.colcon_core.verb:set package 'rc110_laserscans_to_pointcloud' build argument 'catkin_cmake_args' from command line to 'None'
[1.758s] Level 5:colcon.colcon_core.verb:set package 'rc110_laserscans_to_pointcloud' build argument 'catkin_skip_building_tests' from command line to 'False'
[1.758s] DEBUG:colcon.colcon_core.verb:Building package 'rc110_laserscans_to_pointcloud' with the following arguments: {'ament_cmake_args': None, 'build_base': '/home/zmp/ros/src/robocar110_ros/rc110_core/build/rc110_laserscans_to_pointcloud', 'catkin_cmake_args': None, 'catkin_skip_building_tests': False, 'cmake_args': None, 'cmake_clean_cache': False, 'cmake_clean_first': False, 'cmake_force_configure': False, 'cmake_target': None, 'cmake_target_skip_unavailable': False, 'install_base': '/home/zmp/ros/src/robocar110_ros/rc110_core/install/rc110_laserscans_to_pointcloud', 'merge_install': False, 'path': '/home/zmp/ros/src/robocar110_ros/rc110_core/rc110_laserscans_to_pointcloud', 'symlink_install': False, 'test_result_base': None}
[1.761s] INFO:colcon.colcon_core.executor:Executing jobs using 'parallel' executor
[1.776s] DEBUG:colcon.colcon_parallel_executor.executor.parallel:run_until_complete
[1.778s] INFO:colcon.colcon_ros.task.ament_cmake.build:Building ROS package in '/home/zmp/ros/src/robocar110_ros/rc110_core/rc110_laserscans_to_pointcloud' with build type 'ament_cmake'
[1.779s] INFO:colcon.colcon_cmake.task.cmake.build:Building CMake package in '/home/zmp/ros/src/robocar110_ros/rc110_core/rc110_laserscans_to_pointcloud'
[1.802s] INFO:colcon.colcon_core.plugin_system:Skipping extension 'colcon_core.shell.bat': Not used on non-Windows systems
[1.803s] INFO:colcon.colcon_core.shell:Skip shell extension 'powershell' for command environment: Not usable outside of PowerShell
[1.803s] DEBUG:colcon.colcon_core.shell:Skip shell extension 'dsv' for command environment
[1.882s] DEBUG:colcon.colcon_core.event_handler.log_command:Invoking command in '/home/zmp/ros/src/robocar110_ros/rc110_core/build/rc110_laserscans_to_pointcloud': /usr/bin/cmake --build /home/zmp/ros/src/robocar110_ros/rc110_core/build/rc110_laserscans_to_pointcloud -- -j4 -l4
[2.295s] DEBUG:colcon.colcon_core.event_handler.log_command:Invoked command in '/home/zmp/ros/src/robocar110_ros/rc110_core/build/rc110_laserscans_to_pointcloud' returned '0': /usr/bin/cmake --build /home/zmp/ros/src/robocar110_ros/rc110_core/build/rc110_laserscans_to_pointcloud -- -j4 -l4
[2.495s] DEBUG:colcon.colcon_core.event_handler.log_command:Invoking command in '/home/zmp/ros/src/robocar110_ros/rc110_core/build/rc110_laserscans_to_pointcloud': /usr/bin/cmake --install /home/zmp/ros/src/robocar110_ros/rc110_core/build/rc110_laserscans_to_pointcloud
[2.544s] Level 1:colcon.colcon_core.environment:create_environment_scripts_only(rc110_laserscans_to_pointcloud)
[2.560s] DEBUG:colcon.colcon_core.event_handler.log_command:Invoked command in '/home/zmp/ros/src/robocar110_ros/rc110_core/build/rc110_laserscans_to_pointcloud' returned '0': /usr/bin/cmake --install /home/zmp/ros/src/robocar110_ros/rc110_core/build/rc110_laserscans_to_pointcloud
[2.577s] Level 1:colcon.colcon_core.environment:checking '/home/zmp/ros/src/robocar110_ros/rc110_core/install/rc110_laserscans_to_pointcloud' for CMake module files
[2.580s] Level 1:colcon.colcon_core.environment:checking '/home/zmp/ros/src/robocar110_ros/rc110_core/install/rc110_laserscans_to_pointcloud' for CMake config files
[2.581s] Level 1:colcon.colcon_core.shell:create_environment_hook('rc110_laserscans_to_pointcloud', 'cmake_prefix_path')
[2.588s] INFO:colcon.colcon_core.shell:Creating environment hook '/home/zmp/ros/src/robocar110_ros/rc110_core/install/rc110_laserscans_to_pointcloud/share/rc110_laserscans_to_pointcloud/hook/cmake_prefix_path.ps1'
[2.592s] INFO:colcon.colcon_core.shell:Creating environment descriptor '/home/zmp/ros/src/robocar110_ros/rc110_core/install/rc110_laserscans_to_pointcloud/share/rc110_laserscans_to_pointcloud/hook/cmake_prefix_path.dsv'
[2.594s] INFO:colcon.colcon_core.shell:Creating environment hook '/home/zmp/ros/src/robocar110_ros/rc110_core/install/rc110_laserscans_to_pointcloud/share/rc110_laserscans_to_pointcloud/hook/cmake_prefix_path.sh'
[2.598s] Level 1:colcon.colcon_core.environment:checking '/home/zmp/ros/src/robocar110_ros/rc110_core/install/rc110_laserscans_to_pointcloud/lib'
[2.601s] Level 1:colcon.colcon_core.environment:checking '/home/zmp/ros/src/robocar110_ros/rc110_core/install/rc110_laserscans_to_pointcloud/bin'
[2.601s] Level 1:colcon.colcon_core.environment:checking '/home/zmp/ros/src/robocar110_ros/rc110_core/install/rc110_laserscans_to_pointcloud/lib/pkgconfig/rc110_laserscans_to_pointcloud.pc'
[2.602s] Level 1:colcon.colcon_core.environment:checking '/home/zmp/ros/src/robocar110_ros/rc110_core/install/rc110_laserscans_to_pointcloud/lib/python3.8/site-packages'
[2.603s] Level 1:colcon.colcon_core.environment:checking '/home/zmp/ros/src/robocar110_ros/rc110_core/install/rc110_laserscans_to_pointcloud/bin'
[2.608s] INFO:colcon.colcon_core.shell:Creating package script '/home/zmp/ros/src/robocar110_ros/rc110_core/install/rc110_laserscans_to_pointcloud/share/rc110_laserscans_to_pointcloud/package.ps1'
[2.612s] INFO:colcon.colcon_core.shell:Creating package descriptor '/home/zmp/ros/src/robocar110_ros/rc110_core/install/rc110_laserscans_to_pointcloud/share/rc110_laserscans_to_pointcloud/package.dsv'
[2.614s] INFO:colcon.colcon_core.shell:Creating package script '/home/zmp/ros/src/robocar110_ros/rc110_core/install/rc110_laserscans_to_pointcloud/share/rc110_laserscans_to_pointcloud/package.sh'
[2.617s] INFO:colcon.colcon_core.shell:Creating package script '/home/zmp/ros/src/robocar110_ros/rc110_core/install/rc110_laserscans_to_pointcloud/share/rc110_laserscans_to_pointcloud/package.bash'
[2.621s] INFO:colcon.colcon_core.shell:Creating package script '/home/zmp/ros/src/robocar110_ros/rc110_core/install/rc110_laserscans_to_pointcloud/share/rc110_laserscans_to_pointcloud/package.zsh'
[2.624s] Level 1:colcon.colcon_core.environment:create_file_with_runtime_dependencies(/home/zmp/ros/src/robocar110_ros/rc110_core/install/rc110_laserscans_to_pointcloud/share/colcon-core/packages/rc110_laserscans_to_pointcloud)
[2.758s] Level 1:colcon.colcon_core.environment:create_environment_scripts_only(rc110_laserscans_to_pointcloud)
[2.769s] Level 1:colcon.colcon_core.environment:checking '/home/zmp/ros/src/robocar110_ros/rc110_core/install/rc110_laserscans_to_pointcloud' for CMake module files
[2.772s] Level 1:colcon.colcon_core.environment:checking '/home/zmp/ros/src/robocar110_ros/rc110_core/install/rc110_laserscans_to_pointcloud' for CMake config files
[2.773s] Level 1:colcon.colcon_core.shell:create_environment_hook('rc110_laserscans_to_pointcloud', 'cmake_prefix_path')
[2.778s] INFO:colcon.colcon_core.shell:Creating environment hook '/home/zmp/ros/src/robocar110_ros/rc110_core/install/rc110_laserscans_to_pointcloud/share/rc110_laserscans_to_pointcloud/hook/cmake_prefix_path.ps1'
[2.781s] INFO:colcon.colcon_core.shell:Creating environment descriptor '/home/zmp/ros/src/robocar110_ros/rc110_core/install/rc110_laserscans_to_pointcloud/share/rc110_laserscans_to_pointcloud/hook/cmake_prefix_path.dsv'
[2.783s] INFO:colcon.colcon_core.shell:Creating environment hook '/home/zmp/ros/src/robocar110_ros/rc110_core/install/rc110_laserscans_to_pointcloud/share/rc110_laserscans_to_pointcloud/hook/cmake_prefix_path.sh'
[2.786s] Level 1:colcon.colcon_core.environment:checking '/home/zmp/ros/src/robocar110_ros/rc110_core/install/rc110_laserscans_to_pointcloud/lib'
[2.787s] Level 1:colcon.colcon_core.environment:checking '/home/zmp/ros/src/robocar110_ros/rc110_core/install/rc110_laserscans_to_pointcloud/bin'
[2.787s] Level 1:colcon.colcon_core.environment:checking '/home/zmp/ros/src/robocar110_ros/rc110_core/install/rc110_laserscans_to_pointcloud/lib/pkgconfig/rc110_laserscans_to_pointcloud.pc'
[2.789s] Level 1:colcon.colcon_core.environment:checking '/home/zmp/ros/src/robocar110_ros/rc110_core/install/rc110_laserscans_to_pointcloud/lib/python3.8/site-packages'
[2.789s] Level 1:colcon.colcon_core.environment:checking '/home/zmp/ros/src/robocar110_ros/rc110_core/install/rc110_laserscans_to_pointcloud/bin'
[2.795s] INFO:colcon.colcon_core.shell:Creating package script '/home/zmp/ros/src/robocar110_ros/rc110_core/install/rc110_laserscans_to_pointcloud/share/rc110_laserscans_to_pointcloud/package.ps1'
[2.798s] INFO:colcon.colcon_core.shell:Creating package descriptor '/home/zmp/ros/src/robocar110_ros/rc110_core/install/rc110_laserscans_to_pointcloud/share/rc110_laserscans_to_pointcloud/package.dsv'
[2.801s] INFO:colcon.colcon_core.shell:Creating package script '/home/zmp/ros/src/robocar110_ros/rc110_core/install/rc110_laserscans_to_pointcloud/share/rc110_laserscans_to_pointcloud/package.sh'
[2.802s] INFO:colcon.colcon_core.shell:Creating package script '/home/zmp/ros/src/robocar110_ros/rc110_core/install/rc110_laserscans_to_pointcloud/share/rc110_laserscans_to_pointcloud/package.bash'
[2.806s] INFO:colcon.colcon_core.shell:Creating package script '/home/zmp/ros/src/robocar110_ros/rc110_core/install/rc110_laserscans_to_pointcloud/share/rc110_laserscans_to_pointcloud/package.zsh'
[2.809s] Level 1:colcon.colcon_core.environment:create_file_with_runtime_dependencies(/home/zmp/ros/src/robocar110_ros/rc110_core/install/rc110_laserscans_to_pointcloud/share/colcon-core/packages/rc110_laserscans_to_pointcloud)
[2.812s] DEBUG:colcon.colcon_parallel_executor.executor.parallel:closing loop
[2.818s] DEBUG:colcon.colcon_parallel_executor.executor.parallel:loop closed
[2.820s] DEBUG:colcon.colcon_parallel_executor.executor.parallel:run_until_complete finished with '0'
[2.820s] DEBUG:colcon.colcon_core.event_reactor:joining thread
[2.851s] INFO:colcon.colcon_core.plugin_system:Skipping extension 'colcon_notification.desktop_notification.terminal_notifier': Not used on non-Darwin systems
[2.853s] INFO:colcon.colcon_core.plugin_system:Skipping extension 'colcon_notification.desktop_notification.win32': Not used on non-Windows systems
[2.853s] INFO:colcon.colcon_notification.desktop_notification:Sending desktop notification using 'notify2'
[2.939s] DEBUG:colcon.colcon_core.event_reactor:joined thread
[2.945s] INFO:colcon.colcon_core.shell:Creating prefix script '/home/zmp/ros/src/robocar110_ros/rc110_core/install/local_setup.ps1'
[2.949s] INFO:colcon.colcon_core.shell:Creating prefix util module '/home/zmp/ros/src/robocar110_ros/rc110_core/install/_local_setup_util_ps1.py'
[2.954s] INFO:colcon.colcon_core.shell:Creating prefix chain script '/home/zmp/ros/src/robocar110_ros/rc110_core/install/setup.ps1'
[2.960s] INFO:colcon.colcon_core.shell:Creating prefix script '/home/zmp/ros/src/robocar110_ros/rc110_core/install/local_setup.sh'
[2.963s] INFO:colcon.colcon_core.shell:Creating prefix util module '/home/zmp/ros/src/robocar110_ros/rc110_core/install/_local_setup_util_sh.py'
[2.965s] INFO:colcon.colcon_core.shell:Creating prefix chain script '/home/zmp/ros/src/robocar110_ros/rc110_core/install/setup.sh'
[2.970s] INFO:colcon.colcon_core.shell:Creating prefix script '/home/zmp/ros/src/robocar110_ros/rc110_core/install/local_setup.bash'
[2.973s] INFO:colcon.colcon_core.shell:Creating prefix chain script '/home/zmp/ros/src/robocar110_ros/rc110_core/install/setup.bash'
[2.978s] INFO:colcon.colcon_core.shell:Creating prefix script '/home/zmp/ros/src/robocar110_ros/rc110_core/install/local_setup.zsh'
[2.981s] INFO:colcon.colcon_core.shell:Creating prefix chain script '/home/zmp/ros/src/robocar110_ros/rc110_core/install/setup.zsh'
