-- The C compiler identification is GNU 9.4.0
-- The CXX compiler identification is GNU 9.4.0
-- Check for working C compiler: /usr/bin/cc
-- Check for working C compiler: /usr/bin/cc -- works
-- Detecting C compiler ABI info
-- Detecting C compiler ABI info - done
-- Detecting C compile features
-- Detecting C compile features - done
-- Check for working CXX compiler: /usr/bin/c++
-- Check for working CXX compiler: /usr/bin/c++ -- works
-- Detecting CXX compiler ABI info
-- Detecting CXX compiler ABI info - done
-- Detecting CXX compile features
-- Detecting CXX compile features - done
-- Found ament_cmake: 0.9.11 (/opt/ros/foxy/share/ament_cmake/cmake)
-- Found PythonInterp: /usr/bin/python3 (found suitable version "3.8.10", minimum required is "3") 
-- Using PYTHON_EXECUTABLE: /usr/bin/python3
-- Found sensor_msgs: 2.0.5 (/opt/ros/foxy/share/sensor_msgs/cmake)
-- Using all available rosidl_typesupport_c: rosidl_typesupport_fastrtps_c;rosidl_typesupport_introspection_c
-- Found rosidl_adapter: 1.3.0 (/opt/ros/foxy/share/rosidl_adapter/cmake)
-- Found OpenSSL: /usr/lib/aarch64-linux-gnu/libcrypto.so (found version "1.1.1f")  
-- Found FastRTPS: /opt/ros/foxy/include  
-- Using all available rosidl_typesupport_cpp: rosidl_typesupport_fastrtps_cpp;rosidl_typesupport_introspection_cpp
-- Found laser_geometry: 2.2.0 (/opt/ros/foxy/share/laser_geometry/cmake)
-- Found rclcpp: 2.4.2 (/opt/ros/foxy/share/rclcpp/cmake)
-- Found rmw_implementation_cmake: 1.0.3 (/opt/ros/foxy/share/rmw_implementation_cmake/cmake)
-- Using RMW implementation 'rmw_fastrtps_cpp' as default
-- Looking for pthread.h
-- Looking for pthread.h - found
-- Performing Test CMAKE_HAVE_LIBC_PTHREAD
-- Performing Test CMAKE_HAVE_LIBC_PTHREAD - Failed
-- Looking for pthread_create in pthreads
-- Looking for pthread_create in pthreads - not found
-- Looking for pthread_create in pthread
-- Looking for pthread_create in pthread - found
-- Found Threads: TRUE  
-- Found tf2_ros: 0.13.13 (/opt/ros/foxy/share/tf2_ros/cmake)
CMake Warning at /home/zmp/ros/src/robocar110_ros/cmake/rc110_cpack.cmake:72 (message):
  Couldn't convert dependency to deb name: rclcpp
Call Stack (most recent call first):
  CMakeLists.txt:32 (include)


CMake Warning at /home/zmp/ros/src/robocar110_ros/cmake/rc110_cpack.cmake:72 (message):
  Couldn't convert dependency to deb name: sensor_msgs
Call Stack (most recent call first):
  CMakeLists.txt:32 (include)


CMake Warning at /home/zmp/ros/src/robocar110_ros/cmake/rc110_cpack.cmake:72 (message):
  Couldn't convert dependency to deb name: laser_geometry
Call Stack (most recent call first):
  CMakeLists.txt:32 (include)


CMake Warning at /home/zmp/ros/src/robocar110_ros/cmake/rc110_cpack.cmake:72 (message):
  Couldn't convert dependency to deb name: tf2_ros
Call Stack (most recent call first):
  CMakeLists.txt:32 (include)


-- Configuring done
-- Generating done
-- Build files have been written to: /home/zmp/ros/src/robocar110_ros/rc110_core/build/rc110_laserscans_to_pointcloud
[35m[1mScanning dependencies of target rc110_laserscans_to_pointcloud[0m
[ 33%] [32mBuilding CXX object CMakeFiles/rc110_laserscans_to_pointcloud.dir/src/rc110_laserscans_to_pointcloud_node.cpp.o[0m
[ 66%] [32mBuilding CXX object CMakeFiles/rc110_laserscans_to_pointcloud.dir/src/rc110_laserscans_to_pointcloud.cpp.o[0m
[100%] [32m[1mLinking CXX executable rc110_laserscans_to_pointcloud[0m
[100%] Built target rc110_laserscans_to_pointcloud
-- Install configuration: ""
-- Installing: /home/zmp/ros/src/robocar110_ros/rc110_core/install/rc110_laserscans_to_pointcloud/lib/rc110_laserscans_to_pointcloud/rc110_laserscans_to_pointcloud
-- Set runtime path of "/home/zmp/ros/src/robocar110_ros/rc110_core/install/rc110_laserscans_to_pointcloud/lib/rc110_laserscans_to_pointcloud/rc110_laserscans_to_pointcloud" to ""
-- Installing: /home/zmp/ros/src/robocar110_ros/rc110_core/install/rc110_laserscans_to_pointcloud/share/rc110_laserscans_to_pointcloud/launch
-- Installing: /home/zmp/ros/src/robocar110_ros/rc110_core/install/rc110_laserscans_to_pointcloud/share/rc110_laserscans_to_pointcloud/launch/main.launch
-- Installing: /home/zmp/ros/src/robocar110_ros/rc110_core/install/rc110_laserscans_to_pointcloud/share/ament_index/resource_index/package_run_dependencies/rc110_laserscans_to_pointcloud
-- Installing: /home/zmp/ros/src/robocar110_ros/rc110_core/install/rc110_laserscans_to_pointcloud/share/ament_index/resource_index/parent_prefix_path/rc110_laserscans_to_pointcloud
-- Installing: /home/zmp/ros/src/robocar110_ros/rc110_core/install/rc110_laserscans_to_pointcloud/share/rc110_laserscans_to_pointcloud/environment/ament_prefix_path.sh
-- Installing: /home/zmp/ros/src/robocar110_ros/rc110_core/install/rc110_laserscans_to_pointcloud/share/rc110_laserscans_to_pointcloud/environment/ament_prefix_path.dsv
-- Installing: /home/zmp/ros/src/robocar110_ros/rc110_core/install/rc110_laserscans_to_pointcloud/share/rc110_laserscans_to_pointcloud/environment/path.sh
-- Installing: /home/zmp/ros/src/robocar110_ros/rc110_core/install/rc110_laserscans_to_pointcloud/share/rc110_laserscans_to_pointcloud/environment/path.dsv
-- Installing: /home/zmp/ros/src/robocar110_ros/rc110_core/install/rc110_laserscans_to_pointcloud/share/rc110_laserscans_to_pointcloud/local_setup.bash
-- Installing: /home/zmp/ros/src/robocar110_ros/rc110_core/install/rc110_laserscans_to_pointcloud/share/rc110_laserscans_to_pointcloud/local_setup.sh
-- Installing: /home/zmp/ros/src/robocar110_ros/rc110_core/install/rc110_laserscans_to_pointcloud/share/rc110_laserscans_to_pointcloud/local_setup.zsh
-- Installing: /home/zmp/ros/src/robocar110_ros/rc110_core/install/rc110_laserscans_to_pointcloud/share/rc110_laserscans_to_pointcloud/local_setup.dsv
-- Installing: /home/zmp/ros/src/robocar110_ros/rc110_core/install/rc110_laserscans_to_pointcloud/share/rc110_laserscans_to_pointcloud/package.dsv
-- Installing: /home/zmp/ros/src/robocar110_ros/rc110_core/install/rc110_laserscans_to_pointcloud/share/ament_index/resource_index/packages/rc110_laserscans_to_pointcloud
-- Installing: /home/zmp/ros/src/robocar110_ros/rc110_core/install/rc110_laserscans_to_pointcloud/share/rc110_laserscans_to_pointcloud/cmake/rc110_laserscans_to_pointcloudConfig.cmake
-- Installing: /home/zmp/ros/src/robocar110_ros/rc110_core/install/rc110_laserscans_to_pointcloud/share/rc110_laserscans_to_pointcloud/cmake/rc110_laserscans_to_pointcloudConfig-version.cmake
-- Installing: /home/zmp/ros/src/robocar110_ros/rc110_core/install/rc110_laserscans_to_pointcloud/share/rc110_laserscans_to_pointcloud/package.xml
