[0.105s] Invoking command in '/home/zmp/ros/src/robocar110_ros/rc110_core/build/rc110_laserscans_to_pointcloud': /usr/bin/cmake /home/zmp/ros/src/robocar110_ros/rc110_core/rc110_laserscans_to_pointcloud -DCMAKE_INSTALL_PREFIX=/home/zmp/ros/src/robocar110_ros/rc110_core/install/rc110_laserscans_to_pointcloud
[0.540s] -- The C compiler identification is GNU 9.4.0
[0.808s] -- The CXX compiler identification is GNU 9.4.0
[0.831s] -- Check for working C compiler: /usr/bin/cc
[1.206s] -- Check for working C compiler: /usr/bin/cc -- works
[1.210s] -- Detecting C compiler ABI info
[1.557s] -- Detecting C compiler ABI info - done
[1.596s] -- Detecting C compile features
[1.597s] -- Detecting C compile features - done
[1.607s] -- Check for working CXX compiler: /usr/bin/c++
[1.973s] -- Check for working CXX compiler: /usr/bin/c++ -- works
[1.977s] -- Detecting CXX compiler ABI info
[2.383s] -- Detecting CXX compiler ABI info - done
[2.429s] -- Detecting CXX compile features
[2.432s] -- Detecting CXX compile features - done
[2.444s] -- Found ament_cmake: 0.9.11 (/opt/ros/foxy/share/ament_cmake/cmake)
[2.529s] -- Found PythonInterp: /usr/bin/python3 (found suitable version "3.8.10", minimum required is "3") 
[2.529s] -- Using PYTHON_EXECUTABLE: /usr/bin/python3
[3.288s] -- Found sensor_msgs: 2.0.5 (/opt/ros/foxy/share/sensor_msgs/cmake)
[3.380s] -- Using all available rosidl_typesupport_c: rosidl_typesupport_fastrtps_c;rosidl_typesupport_introspection_c
[3.401s] -- Found rosidl_adapter: 1.3.0 (/opt/ros/foxy/share/rosidl_adapter/cmake)
[3.840s] -- Found OpenSSL: /usr/lib/aarch64-linux-gnu/libcrypto.so (found version "1.1.1f")  
[3.935s] -- Found FastRTPS: /opt/ros/foxy/include  
[4.207s] -- Using all available rosidl_typesupport_cpp: rosidl_typesupport_fastrtps_cpp;rosidl_typesupport_introspection_cpp
[4.720s] -- Found laser_geometry: 2.2.0 (/opt/ros/foxy/share/laser_geometry/cmake)
[4.744s] -- Found rclcpp: 2.4.2 (/opt/ros/foxy/share/rclcpp/cmake)
[4.881s] -- Found rmw_implementation_cmake: 1.0.3 (/opt/ros/foxy/share/rmw_implementation_cmake/cmake)
[4.886s] -- Using RMW implementation 'rmw_fastrtps_cpp' as default
[4.889s] -- Looking for pthread.h
[5.282s] -- Looking for pthread.h - found
[5.285s] -- Performing Test CMAKE_HAVE_LIBC_PTHREAD
[5.671s] -- Performing Test CMAKE_HAVE_LIBC_PTHREAD - Failed
[5.673s] -- Looking for pthread_create in pthreads
[5.982s] -- Looking for pthread_create in pthreads - not found
[5.983s] -- Looking for pthread_create in pthread
[6.332s] -- Looking for pthread_create in pthread - found
[6.340s] -- Found Threads: TRUE  
[6.815s] -- Found tf2_ros: 0.13.13 (/opt/ros/foxy/share/tf2_ros/cmake)
[9.550s] CMake Warning at /home/zmp/ros/src/robocar110_ros/cmake/rc110_cpack.cmake:72 (message):
[9.550s]   Couldn't convert dependency to deb name: rclcpp
[9.551s] Call Stack (most recent call first):
[9.551s]   CMakeLists.txt:32 (include)
[9.552s] 
[9.552s] 
[11.030s] CMake Warning at /home/zmp/ros/src/robocar110_ros/cmake/rc110_cpack.cmake:72 (message):
[11.031s]   Couldn't convert dependency to deb name: sensor_msgs
[11.032s] Call Stack (most recent call first):
[11.032s]   CMakeLists.txt:32 (include)
[11.033s] 
[11.034s] 
[12.695s] CMake Warning at /home/zmp/ros/src/robocar110_ros/cmake/rc110_cpack.cmake:72 (message):
[12.697s]   Couldn't convert dependency to deb name: laser_geometry
[12.697s] Call Stack (most recent call first):
[12.698s]   CMakeLists.txt:32 (include)
[12.698s] 
[12.698s] 
[14.281s] CMake Warning at /home/zmp/ros/src/robocar110_ros/cmake/rc110_cpack.cmake:72 (message):
[14.282s]   Couldn't convert dependency to deb name: tf2_ros
[14.282s] Call Stack (most recent call first):
[14.282s]   CMakeLists.txt:32 (include)
[14.283s] 
[14.283s] 
[14.362s] -- Configuring done
[14.424s] -- Generating done
[14.431s] -- Build files have been written to: /home/zmp/ros/src/robocar110_ros/rc110_core/build/rc110_laserscans_to_pointcloud
[14.467s] Invoked command in '/home/zmp/ros/src/robocar110_ros/rc110_core/build/rc110_laserscans_to_pointcloud' returned '0': /usr/bin/cmake /home/zmp/ros/src/robocar110_ros/rc110_core/rc110_laserscans_to_pointcloud -DCMAKE_INSTALL_PREFIX=/home/zmp/ros/src/robocar110_ros/rc110_core/install/rc110_laserscans_to_pointcloud
[14.488s] Invoking command in '/home/zmp/ros/src/robocar110_ros/rc110_core/build/rc110_laserscans_to_pointcloud': /usr/bin/cmake --build /home/zmp/ros/src/robocar110_ros/rc110_core/build/rc110_laserscans_to_pointcloud -- -j4 -l4
[14.671s] [35m[1mScanning dependencies of target rc110_laserscans_to_pointcloud[0m
[14.993s] [ 33%] [32mBuilding CXX object CMakeFiles/rc110_laserscans_to_pointcloud.dir/src/rc110_laserscans_to_pointcloud_node.cpp.o[0m
[14.996s] [ 66%] [32mBuilding CXX object CMakeFiles/rc110_laserscans_to_pointcloud.dir/src/rc110_laserscans_to_pointcloud.cpp.o[0m
[45.107s] [100%] [32m[1mLinking CXX executable rc110_laserscans_to_pointcloud[0m
[46.464s] [100%] Built target rc110_laserscans_to_pointcloud
[46.515s] Invoked command in '/home/zmp/ros/src/robocar110_ros/rc110_core/build/rc110_laserscans_to_pointcloud' returned '0': /usr/bin/cmake --build /home/zmp/ros/src/robocar110_ros/rc110_core/build/rc110_laserscans_to_pointcloud -- -j4 -l4
[46.701s] Invoking command in '/home/zmp/ros/src/robocar110_ros/rc110_core/build/rc110_laserscans_to_pointcloud': /usr/bin/cmake --install /home/zmp/ros/src/robocar110_ros/rc110_core/build/rc110_laserscans_to_pointcloud
[46.738s] -- Install configuration: ""
[46.739s] -- Installing: /home/zmp/ros/src/robocar110_ros/rc110_core/install/rc110_laserscans_to_pointcloud/lib/rc110_laserscans_to_pointcloud/rc110_laserscans_to_pointcloud
[46.760s] -- Set runtime path of "/home/zmp/ros/src/robocar110_ros/rc110_core/install/rc110_laserscans_to_pointcloud/lib/rc110_laserscans_to_pointcloud/rc110_laserscans_to_pointcloud" to ""
[46.760s] -- Installing: /home/zmp/ros/src/robocar110_ros/rc110_core/install/rc110_laserscans_to_pointcloud/share/rc110_laserscans_to_pointcloud/launch
[46.761s] -- Installing: /home/zmp/ros/src/robocar110_ros/rc110_core/install/rc110_laserscans_to_pointcloud/share/rc110_laserscans_to_pointcloud/launch/main.launch
[46.763s] -- Installing: /home/zmp/ros/src/robocar110_ros/rc110_core/install/rc110_laserscans_to_pointcloud/share/ament_index/resource_index/package_run_dependencies/rc110_laserscans_to_pointcloud
[46.765s] -- Installing: /home/zmp/ros/src/robocar110_ros/rc110_core/install/rc110_laserscans_to_pointcloud/share/ament_index/resource_index/parent_prefix_path/rc110_laserscans_to_pointcloud
[46.766s] -- Installing: /home/zmp/ros/src/robocar110_ros/rc110_core/install/rc110_laserscans_to_pointcloud/share/rc110_laserscans_to_pointcloud/environment/ament_prefix_path.sh
[46.767s] -- Installing: /home/zmp/ros/src/robocar110_ros/rc110_core/install/rc110_laserscans_to_pointcloud/share/rc110_laserscans_to_pointcloud/environment/ament_prefix_path.dsv
[46.768s] -- Installing: /home/zmp/ros/src/robocar110_ros/rc110_core/install/rc110_laserscans_to_pointcloud/share/rc110_laserscans_to_pointcloud/environment/path.sh
[46.768s] -- Installing: /home/zmp/ros/src/robocar110_ros/rc110_core/install/rc110_laserscans_to_pointcloud/share/rc110_laserscans_to_pointcloud/environment/path.dsv
[46.769s] -- Installing: /home/zmp/ros/src/robocar110_ros/rc110_core/install/rc110_laserscans_to_pointcloud/share/rc110_laserscans_to_pointcloud/local_setup.bash
[46.770s] -- Installing: /home/zmp/ros/src/robocar110_ros/rc110_core/install/rc110_laserscans_to_pointcloud/share/rc110_laserscans_to_pointcloud/local_setup.sh
[46.771s] -- Installing: /home/zmp/ros/src/robocar110_ros/rc110_core/install/rc110_laserscans_to_pointcloud/share/rc110_laserscans_to_pointcloud/local_setup.zsh
[46.772s] -- Installing: /home/zmp/ros/src/robocar110_ros/rc110_core/install/rc110_laserscans_to_pointcloud/share/rc110_laserscans_to_pointcloud/local_setup.dsv
[46.772s] -- Installing: /home/zmp/ros/src/robocar110_ros/rc110_core/install/rc110_laserscans_to_pointcloud/share/rc110_laserscans_to_pointcloud/package.dsv
[46.773s] -- Installing: /home/zmp/ros/src/robocar110_ros/rc110_core/install/rc110_laserscans_to_pointcloud/share/ament_index/resource_index/packages/rc110_laserscans_to_pointcloud
[46.775s] -- Installing: /home/zmp/ros/src/robocar110_ros/rc110_core/install/rc110_laserscans_to_pointcloud/share/rc110_laserscans_to_pointcloud/cmake/rc110_laserscans_to_pointcloudConfig.cmake
[46.776s] -- Installing: /home/zmp/ros/src/robocar110_ros/rc110_core/install/rc110_laserscans_to_pointcloud/share/rc110_laserscans_to_pointcloud/cmake/rc110_laserscans_to_pointcloudConfig-version.cmake
[46.776s] -- Installing: /home/zmp/ros/src/robocar110_ros/rc110_core/install/rc110_laserscans_to_pointcloud/share/rc110_laserscans_to_pointcloud/package.xml
[46.790s] Invoked command in '/home/zmp/ros/src/robocar110_ros/rc110_core/build/rc110_laserscans_to_pointcloud' returned '0': /usr/bin/cmake --install /home/zmp/ros/src/robocar110_ros/rc110_core/build/rc110_laserscans_to_pointcloud
