[0.069s] Invoking command in '/home/zmp/ros/src/robocar110_ros/rc110_simulation/rc110_gazebo/build/rc110_gazebo': /usr/bin/cmake /home/zmp/ros/src/robocar110_ros/rc110_simulation/rc110_gazebo -DCATKIN_INSTALL_INTO_PREFIX_ROOT=0 -DCMAKE_INSTALL_PREFIX=/home/zmp/ros/src/robocar110_ros/rc110_simulation/rc110_gazebo/install/rc110_gazebo
[0.440s] -- The C compiler identification is GNU 9.4.0
[0.839s] -- The CXX compiler identification is GNU 9.4.0
[0.894s] -- Check for working C compiler: /usr/bin/cc
[1.315s] -- Check for working C compiler: /usr/bin/cc -- works
[1.319s] -- Detecting C compiler ABI info
[1.805s] -- Detecting C compiler ABI info - done
[1.851s] -- Detecting C compile features
[1.852s] -- Detecting C compile features - done
[1.884s] -- Check for working CXX compiler: /usr/bin/c++
[2.352s] -- Check for working CXX compiler: /usr/bin/c++ -- works
[2.363s] -- Detecting CXX compiler ABI info
[2.799s] -- Detecting CXX compiler ABI info - done
[2.846s] -- Detecting CXX compile features
[2.847s] -- Detecting CXX compile features - done
[2.886s] CMake Error at CMakeLists.txt:4 (find_package):
[2.887s]   By not providing "Findament_cmake.cmake" in CMAKE_MODULE_PATH this project
[2.887s]   has asked CMake to find a package configuration file provided by
[2.887s]   "ament_cmake", but CMake did not find one.
[2.888s] 
[2.888s]   Could not find a package configuration file provided by "ament_cmake" with
[2.889s]   any of the following names:
[2.889s] 
[2.889s]     ament_cmakeConfig.cmake
[2.890s]     ament_cmake-config.cmake
[2.890s] 
[2.891s]   Add the installation prefix of "ament_cmake" to CMAKE_PREFIX_PATH or set
[2.891s]   "ament_cmake_DIR" to a directory containing one of the above files.  If
[2.892s]   "ament_cmake" provides a separate development package or SDK, be sure it
[2.892s]   has been installed.
[2.892s] 
[2.893s] 
[2.893s] -- Configuring incomplete, errors occurred!
[2.893s] See also "/home/zmp/ros/src/robocar110_ros/rc110_simulation/rc110_gazebo/build/rc110_gazebo/CMakeFiles/CMakeOutput.log".
[2.907s] Invoked command in '/home/zmp/ros/src/robocar110_ros/rc110_simulation/rc110_gazebo/build/rc110_gazebo' returned '1': /usr/bin/cmake /home/zmp/ros/src/robocar110_ros/rc110_simulation/rc110_gazebo -DCATKIN_INSTALL_INTO_PREFIX_ROOT=0 -DCMAKE_INSTALL_PREFIX=/home/zmp/ros/src/robocar110_ros/rc110_simulation/rc110_gazebo/install/rc110_gazebo
