[1.264s] DEBUG:colcon:Command line arguments: ['/usr/bin/colcon', 'build']
[1.265s] DEBUG:colcon:Parsed command line arguments: Namespace(allow_overriding=[], ament_cmake_args=None, base_paths=['.'], build_base='build', catkin_cmake_args=None, catkin_skip_building_tests=False, cmake_args=None, cmake_clean_cache=False, cmake_clean_first=False, cmake_force_configure=False, cmake_target=None, cmake_target_skip_unavailable=False, continue_on_error=False, event_handlers=None, executor='parallel', ignore_user_meta=False, install_base='install', log_base=None, log_level=None, main=<bound method BuildVerb.main of <colcon_core.verb.build.BuildVerb object at 0xffff9a531d00>>, merge_install=False, metas=['./colcon.meta'], packages_above=None, packages_above_and_dependencies=None, packages_above_depth=None, packages_end=None, packages_ignore=None, packages_ignore_regex=None, packages_select=None, packages_select_build_failed=False, packages_select_by_dep=None, packages_select_regex=None, packages_select_test_failures=False, packages_skip=None, packages_skip_build_finished=False, packages_skip_by_dep=None, packages_skip_regex=None, packages_skip_test_passed=False, packages_skip_up_to=None, packages_start=None, packages_up_to=None, packages_up_to_regex=None, parallel_workers=4, paths=None, symlink_install=False, test_result_base=None, verb_extension=<colcon_core.verb.build.BuildVerb object at 0xffff9a531d00>, verb_name='build', verb_parser=<colcon_defaults.argument_parser.defaults.DefaultArgumentsDecorator object at 0xffff9a53b2b0>)
[1.370s] Level 1:colcon.colcon_core.package_discovery:discover_packages(colcon_meta) check parameters
[1.371s] Level 1:colcon.colcon_core.package_discovery:discover_packages(recursive) check parameters
[1.371s] Level 1:colcon.colcon_core.package_discovery:discover_packages(ignore) check parameters
[1.371s] Level 1:colcon.colcon_core.package_discovery:discover_packages(path) check parameters
[1.371s] Level 1:colcon.colcon_core.package_discovery:discover_packages(colcon_meta) discover
[1.372s] Level 1:colcon.colcon_core.package_discovery:discover_packages(recursive) discover
[1.372s] INFO:colcon.colcon_core.package_discovery:Crawling recursively for packages in '/home/zmp/ros/src/robocar110_ros/rc110_navigation/rc110_slam_cg'
[1.372s] Level 1:colcon.colcon_core.package_identification:_identify(.) by extensions ['ignore', 'ignore_ament_install']
[1.373s] Level 1:colcon.colcon_core.package_identification:_identify(.) by extension 'ignore'
[1.373s] Level 1:colcon.colcon_core.package_identification:_identify(.) by extension 'ignore_ament_install'
[1.373s] Level 1:colcon.colcon_core.package_identification:_identify(.) by extensions ['colcon_pkg']
[1.374s] Level 1:colcon.colcon_core.package_identification:_identify(.) by extension 'colcon_pkg'
[1.374s] Level 1:colcon.colcon_core.package_identification:_identify(.) by extensions ['colcon_meta']
[1.374s] Level 1:colcon.colcon_core.package_identification:_identify(.) by extension 'colcon_meta'
[1.374s] Level 1:colcon.colcon_core.package_identification:_identify(.) by extensions ['ros']
[1.374s] Level 1:colcon.colcon_core.package_identification:_identify(.) by extension 'ros'
[1.459s] DEBUG:colcon.colcon_core.package_identification:Package '.' with type 'ros.ament_cmake' and name 'rc110_slam_cg'
[1.459s] Level 1:colcon.colcon_core.package_discovery:discover_packages(recursive) using defaults
[1.460s] Level 1:colcon.colcon_core.package_discovery:discover_packages(ignore) discover
[1.460s] Level 1:colcon.colcon_core.package_discovery:discover_packages(ignore) using defaults
[1.460s] Level 1:colcon.colcon_core.package_discovery:discover_packages(path) discover
[1.460s] Level 1:colcon.colcon_core.package_discovery:discover_packages(path) using defaults
[1.532s] Level 1:colcon.colcon_core.package_discovery:discover_packages(prefix_path) check parameters
[1.532s] Level 1:colcon.colcon_core.package_discovery:discover_packages(prefix_path) discover
[1.549s] DEBUG:colcon.colcon_installed_package_information.package_discovery:Found 310 installed packages in /opt/ros/rolling
[1.557s] Level 1:colcon.colcon_core.package_discovery:discover_packages(prefix_path) using defaults
[1.896s] Level 5:colcon.colcon_core.verb:set package 'rc110_slam_cg' build argument 'cmake_args' from command line to 'None'
[1.897s] Level 5:colcon.colcon_core.verb:set package 'rc110_slam_cg' build argument 'cmake_target' from command line to 'None'
[1.897s] Level 5:colcon.colcon_core.verb:set package 'rc110_slam_cg' build argument 'cmake_target_skip_unavailable' from command line to 'False'
[1.898s] Level 5:colcon.colcon_core.verb:set package 'rc110_slam_cg' build argument 'cmake_clean_cache' from command line to 'False'
[1.898s] Level 5:colcon.colcon_core.verb:set package 'rc110_slam_cg' build argument 'cmake_clean_first' from command line to 'False'
[1.898s] Level 5:colcon.colcon_core.verb:set package 'rc110_slam_cg' build argument 'cmake_force_configure' from command line to 'False'
[1.898s] Level 5:colcon.colcon_core.verb:set package 'rc110_slam_cg' build argument 'ament_cmake_args' from command line to 'None'
[1.898s] Level 5:colcon.colcon_core.verb:set package 'rc110_slam_cg' build argument 'catkin_cmake_args' from command line to 'None'
[1.898s] Level 5:colcon.colcon_core.verb:set package 'rc110_slam_cg' build argument 'catkin_skip_building_tests' from command line to 'False'
[1.898s] DEBUG:colcon.colcon_core.verb:Building package 'rc110_slam_cg' with the following arguments: {'ament_cmake_args': None, 'build_base': '/home/zmp/ros/src/robocar110_ros/rc110_navigation/rc110_slam_cg/build/rc110_slam_cg', 'catkin_cmake_args': None, 'catkin_skip_building_tests': False, 'cmake_args': None, 'cmake_clean_cache': False, 'cmake_clean_first': False, 'cmake_force_configure': False, 'cmake_target': None, 'cmake_target_skip_unavailable': False, 'install_base': '/home/zmp/ros/src/robocar110_ros/rc110_navigation/rc110_slam_cg/install/rc110_slam_cg', 'merge_install': False, 'path': '/home/zmp/ros/src/robocar110_ros/rc110_navigation/rc110_slam_cg', 'symlink_install': False, 'test_result_base': None}
[1.901s] INFO:colcon.colcon_core.executor:Executing jobs using 'parallel' executor
[1.932s] DEBUG:colcon.colcon_parallel_executor.executor.parallel:run_until_complete
[1.933s] INFO:colcon.colcon_ros.task.ament_cmake.build:Building ROS package in '/home/zmp/ros/src/robocar110_ros/rc110_navigation/rc110_slam_cg' with build type 'ament_cmake'
[1.936s] INFO:colcon.colcon_cmake.task.cmake.build:Building CMake package in '/home/zmp/ros/src/robocar110_ros/rc110_navigation/rc110_slam_cg'
[1.972s] INFO:colcon.colcon_core.plugin_system:Skipping extension 'colcon_core.shell.bat': Not used on non-Windows systems
[1.973s] INFO:colcon.colcon_core.shell:Skip shell extension 'powershell' for command environment: Not usable outside of PowerShell
[1.974s] DEBUG:colcon.colcon_core.shell:Skip shell extension 'dsv' for command environment
[2.044s] DEBUG:colcon.colcon_core.event_handler.log_command:Invoking command in '/home/zmp/ros/src/robocar110_ros/rc110_navigation/rc110_slam_cg/build/rc110_slam_cg': CMAKE_PREFIX_PATH=/opt/ros/rolling /usr/bin/cmake /home/zmp/ros/src/robocar110_ros/rc110_navigation/rc110_slam_cg -DCMAKE_INSTALL_PREFIX=/home/zmp/ros/src/robocar110_ros/rc110_navigation/rc110_slam_cg/install/rc110_slam_cg
[6.527s] DEBUG:colcon.colcon_core.event_handler.log_command:Invoked command in '/home/zmp/ros/src/robocar110_ros/rc110_navigation/rc110_slam_cg/build/rc110_slam_cg' returned '0': CMAKE_PREFIX_PATH=/opt/ros/rolling /usr/bin/cmake /home/zmp/ros/src/robocar110_ros/rc110_navigation/rc110_slam_cg -DCMAKE_INSTALL_PREFIX=/home/zmp/ros/src/robocar110_ros/rc110_navigation/rc110_slam_cg/install/rc110_slam_cg
[6.541s] DEBUG:colcon.colcon_core.event_handler.log_command:Invoking command in '/home/zmp/ros/src/robocar110_ros/rc110_navigation/rc110_slam_cg/build/rc110_slam_cg': CMAKE_PREFIX_PATH=/opt/ros/rolling /usr/bin/cmake --build /home/zmp/ros/src/robocar110_ros/rc110_navigation/rc110_slam_cg/build/rc110_slam_cg -- -j4 -l4
[6.714s] DEBUG:colcon.colcon_core.event_handler.log_command:Invoked command in '/home/zmp/ros/src/robocar110_ros/rc110_navigation/rc110_slam_cg/build/rc110_slam_cg' returned '0': CMAKE_PREFIX_PATH=/opt/ros/rolling /usr/bin/cmake --build /home/zmp/ros/src/robocar110_ros/rc110_navigation/rc110_slam_cg/build/rc110_slam_cg -- -j4 -l4
[6.887s] DEBUG:colcon.colcon_core.event_handler.log_command:Invoking command in '/home/zmp/ros/src/robocar110_ros/rc110_navigation/rc110_slam_cg/build/rc110_slam_cg': CMAKE_PREFIX_PATH=/opt/ros/rolling /usr/bin/cmake --install /home/zmp/ros/src/robocar110_ros/rc110_navigation/rc110_slam_cg/build/rc110_slam_cg
[6.934s] Level 1:colcon.colcon_core.environment:create_environment_scripts_only(rc110_slam_cg)
[6.956s] DEBUG:colcon.colcon_core.event_handler.log_command:Invoked command in '/home/zmp/ros/src/robocar110_ros/rc110_navigation/rc110_slam_cg/build/rc110_slam_cg' returned '0': CMAKE_PREFIX_PATH=/opt/ros/rolling /usr/bin/cmake --install /home/zmp/ros/src/robocar110_ros/rc110_navigation/rc110_slam_cg/build/rc110_slam_cg
[6.972s] Level 1:colcon.colcon_core.environment:checking '/home/zmp/ros/src/robocar110_ros/rc110_navigation/rc110_slam_cg/install/rc110_slam_cg' for CMake module files
[6.975s] Level 1:colcon.colcon_core.environment:checking '/home/zmp/ros/src/robocar110_ros/rc110_navigation/rc110_slam_cg/install/rc110_slam_cg' for CMake config files
[6.977s] Level 1:colcon.colcon_core.shell:create_environment_hook('rc110_slam_cg', 'cmake_prefix_path')
[6.982s] INFO:colcon.colcon_core.shell:Creating environment hook '/home/zmp/ros/src/robocar110_ros/rc110_navigation/rc110_slam_cg/install/rc110_slam_cg/share/rc110_slam_cg/hook/cmake_prefix_path.ps1'
[6.985s] INFO:colcon.colcon_core.shell:Creating environment descriptor '/home/zmp/ros/src/robocar110_ros/rc110_navigation/rc110_slam_cg/install/rc110_slam_cg/share/rc110_slam_cg/hook/cmake_prefix_path.dsv'
[6.987s] INFO:colcon.colcon_core.shell:Creating environment hook '/home/zmp/ros/src/robocar110_ros/rc110_navigation/rc110_slam_cg/install/rc110_slam_cg/share/rc110_slam_cg/hook/cmake_prefix_path.sh'
[6.991s] Level 1:colcon.colcon_core.environment:checking '/home/zmp/ros/src/robocar110_ros/rc110_navigation/rc110_slam_cg/install/rc110_slam_cg/bin'
[6.992s] Level 1:colcon.colcon_core.environment:checking '/home/zmp/ros/src/robocar110_ros/rc110_navigation/rc110_slam_cg/install/rc110_slam_cg/lib/pkgconfig/rc110_slam_cg.pc'
[6.993s] Level 1:colcon.colcon_core.environment:checking '/home/zmp/ros/src/robocar110_ros/rc110_navigation/rc110_slam_cg/install/rc110_slam_cg/lib/python3.8/site-packages'
[6.994s] Level 1:colcon.colcon_core.environment:checking '/home/zmp/ros/src/robocar110_ros/rc110_navigation/rc110_slam_cg/install/rc110_slam_cg/bin'
[6.999s] INFO:colcon.colcon_core.shell:Creating package script '/home/zmp/ros/src/robocar110_ros/rc110_navigation/rc110_slam_cg/install/rc110_slam_cg/share/rc110_slam_cg/package.ps1'
[7.002s] INFO:colcon.colcon_core.shell:Creating package descriptor '/home/zmp/ros/src/robocar110_ros/rc110_navigation/rc110_slam_cg/install/rc110_slam_cg/share/rc110_slam_cg/package.dsv'
[7.004s] INFO:colcon.colcon_core.shell:Creating package script '/home/zmp/ros/src/robocar110_ros/rc110_navigation/rc110_slam_cg/install/rc110_slam_cg/share/rc110_slam_cg/package.sh'
[7.007s] INFO:colcon.colcon_core.shell:Creating package script '/home/zmp/ros/src/robocar110_ros/rc110_navigation/rc110_slam_cg/install/rc110_slam_cg/share/rc110_slam_cg/package.bash'
[7.009s] INFO:colcon.colcon_core.shell:Creating package script '/home/zmp/ros/src/robocar110_ros/rc110_navigation/rc110_slam_cg/install/rc110_slam_cg/share/rc110_slam_cg/package.zsh'
[7.011s] Level 1:colcon.colcon_core.environment:create_file_with_runtime_dependencies(/home/zmp/ros/src/robocar110_ros/rc110_navigation/rc110_slam_cg/install/rc110_slam_cg/share/colcon-core/packages/rc110_slam_cg)
[7.150s] Level 1:colcon.colcon_core.environment:create_environment_scripts_only(rc110_slam_cg)
[7.160s] Level 1:colcon.colcon_core.environment:checking '/home/zmp/ros/src/robocar110_ros/rc110_navigation/rc110_slam_cg/install/rc110_slam_cg' for CMake module files
[7.163s] Level 1:colcon.colcon_core.environment:checking '/home/zmp/ros/src/robocar110_ros/rc110_navigation/rc110_slam_cg/install/rc110_slam_cg' for CMake config files
[7.165s] Level 1:colcon.colcon_core.shell:create_environment_hook('rc110_slam_cg', 'cmake_prefix_path')
[7.170s] INFO:colcon.colcon_core.shell:Creating environment hook '/home/zmp/ros/src/robocar110_ros/rc110_navigation/rc110_slam_cg/install/rc110_slam_cg/share/rc110_slam_cg/hook/cmake_prefix_path.ps1'
[7.173s] INFO:colcon.colcon_core.shell:Creating environment descriptor '/home/zmp/ros/src/robocar110_ros/rc110_navigation/rc110_slam_cg/install/rc110_slam_cg/share/rc110_slam_cg/hook/cmake_prefix_path.dsv'
[7.175s] INFO:colcon.colcon_core.shell:Creating environment hook '/home/zmp/ros/src/robocar110_ros/rc110_navigation/rc110_slam_cg/install/rc110_slam_cg/share/rc110_slam_cg/hook/cmake_prefix_path.sh'
[7.177s] Level 1:colcon.colcon_core.environment:checking '/home/zmp/ros/src/robocar110_ros/rc110_navigation/rc110_slam_cg/install/rc110_slam_cg/bin'
[7.177s] Level 1:colcon.colcon_core.environment:checking '/home/zmp/ros/src/robocar110_ros/rc110_navigation/rc110_slam_cg/install/rc110_slam_cg/lib/pkgconfig/rc110_slam_cg.pc'
[7.179s] Level 1:colcon.colcon_core.environment:checking '/home/zmp/ros/src/robocar110_ros/rc110_navigation/rc110_slam_cg/install/rc110_slam_cg/lib/python3.8/site-packages'
[7.179s] Level 1:colcon.colcon_core.environment:checking '/home/zmp/ros/src/robocar110_ros/rc110_navigation/rc110_slam_cg/install/rc110_slam_cg/bin'
[7.184s] INFO:colcon.colcon_core.shell:Creating package script '/home/zmp/ros/src/robocar110_ros/rc110_navigation/rc110_slam_cg/install/rc110_slam_cg/share/rc110_slam_cg/package.ps1'
[7.187s] INFO:colcon.colcon_core.shell:Creating package descriptor '/home/zmp/ros/src/robocar110_ros/rc110_navigation/rc110_slam_cg/install/rc110_slam_cg/share/rc110_slam_cg/package.dsv'
[7.188s] INFO:colcon.colcon_core.shell:Creating package script '/home/zmp/ros/src/robocar110_ros/rc110_navigation/rc110_slam_cg/install/rc110_slam_cg/share/rc110_slam_cg/package.sh'
[7.190s] INFO:colcon.colcon_core.shell:Creating package script '/home/zmp/ros/src/robocar110_ros/rc110_navigation/rc110_slam_cg/install/rc110_slam_cg/share/rc110_slam_cg/package.bash'
[7.192s] INFO:colcon.colcon_core.shell:Creating package script '/home/zmp/ros/src/robocar110_ros/rc110_navigation/rc110_slam_cg/install/rc110_slam_cg/share/rc110_slam_cg/package.zsh'
[7.193s] Level 1:colcon.colcon_core.environment:create_file_with_runtime_dependencies(/home/zmp/ros/src/robocar110_ros/rc110_navigation/rc110_slam_cg/install/rc110_slam_cg/share/colcon-core/packages/rc110_slam_cg)
[7.194s] DEBUG:colcon.colcon_parallel_executor.executor.parallel:closing loop
[7.197s] DEBUG:colcon.colcon_parallel_executor.executor.parallel:loop closed
[7.198s] DEBUG:colcon.colcon_parallel_executor.executor.parallel:run_until_complete finished with '0'
[7.198s] DEBUG:colcon.colcon_core.event_reactor:joining thread
[7.232s] INFO:colcon.colcon_core.plugin_system:Skipping extension 'colcon_notification.desktop_notification.terminal_notifier': Not used on non-Darwin systems
[7.232s] INFO:colcon.colcon_core.plugin_system:Skipping extension 'colcon_notification.desktop_notification.win32': Not used on non-Windows systems
[7.232s] INFO:colcon.colcon_notification.desktop_notification:Sending desktop notification using 'notify2'
[7.311s] DEBUG:colcon.colcon_core.event_reactor:joined thread
[7.318s] INFO:colcon.colcon_core.shell:Creating prefix script '/home/zmp/ros/src/robocar110_ros/rc110_navigation/rc110_slam_cg/install/local_setup.ps1'
[7.322s] INFO:colcon.colcon_core.shell:Creating prefix util module '/home/zmp/ros/src/robocar110_ros/rc110_navigation/rc110_slam_cg/install/_local_setup_util_ps1.py'
[7.328s] INFO:colcon.colcon_core.shell:Creating prefix chain script '/home/zmp/ros/src/robocar110_ros/rc110_navigation/rc110_slam_cg/install/setup.ps1'
[7.334s] INFO:colcon.colcon_core.shell:Creating prefix script '/home/zmp/ros/src/robocar110_ros/rc110_navigation/rc110_slam_cg/install/local_setup.sh'
[7.337s] INFO:colcon.colcon_core.shell:Creating prefix util module '/home/zmp/ros/src/robocar110_ros/rc110_navigation/rc110_slam_cg/install/_local_setup_util_sh.py'
[7.340s] INFO:colcon.colcon_core.shell:Creating prefix chain script '/home/zmp/ros/src/robocar110_ros/rc110_navigation/rc110_slam_cg/install/setup.sh'
[7.348s] INFO:colcon.colcon_core.shell:Creating prefix script '/home/zmp/ros/src/robocar110_ros/rc110_navigation/rc110_slam_cg/install/local_setup.bash'
[7.350s] INFO:colcon.colcon_core.shell:Creating prefix chain script '/home/zmp/ros/src/robocar110_ros/rc110_navigation/rc110_slam_cg/install/setup.bash'
[7.358s] INFO:colcon.colcon_core.shell:Creating prefix script '/home/zmp/ros/src/robocar110_ros/rc110_navigation/rc110_slam_cg/install/local_setup.zsh'
[7.360s] INFO:colcon.colcon_core.shell:Creating prefix chain script '/home/zmp/ros/src/robocar110_ros/rc110_navigation/rc110_slam_cg/install/setup.zsh'
