-- The C compiler identification is GNU 9.4.0
-- The CXX compiler identification is GNU 9.4.0
-- Check for working C compiler: /usr/bin/cc
-- Check for working C compiler: /usr/bin/cc -- works
-- Detecting C compiler ABI info
-- Detecting C compiler ABI info - done
-- Detecting C compile features
-- Detecting C compile features - done
-- Check for working CXX compiler: /usr/bin/c++
-- Check for working CXX compiler: /usr/bin/c++ -- works
-- Detecting CXX compiler ABI info
-- Detecting CXX compiler ABI info - done
-- Detecting CXX compile features
-- Detecting CXX compile features - done
-- Found ament_cmake: 1.2.1 (/opt/ros/rolling/share/ament_cmake/cmake)
-- Found Python3: /usr/bin/python3.9 (found version "3.9.5") found components: Interpreter 
-- Configuring done
-- Generating done
-- Build files have been written to: /home/zmp/ros/src/robocar110_ros/rc110_navigation/rc110_slam_cg/build/rc110_slam_cg
make[1]: Entering directory '/home/zmp/ros/src/robocar110_ros/rc110_navigation/rc110_slam_cg/build/rc110_slam_cg'
make[1]: Leaving directory '/home/zmp/ros/src/robocar110_ros/rc110_navigation/rc110_slam_cg/build/rc110_slam_cg'
-- Install configuration: "Release"
-- Installing: /home/zmp/ros/src/robocar110_ros/rc110_navigation/rc110_slam_cg/install/rc110_slam_cg/share/ament_index/resource_index/package_run_dependencies/rc110_slam_cg
-- Installing: /home/zmp/ros/src/robocar110_ros/rc110_navigation/rc110_slam_cg/install/rc110_slam_cg/share/ament_index/resource_index/parent_prefix_path/rc110_slam_cg
-- Installing: /home/zmp/ros/src/robocar110_ros/rc110_navigation/rc110_slam_cg/install/rc110_slam_cg/share/rc110_slam_cg/environment/ament_prefix_path.sh
-- Installing: /home/zmp/ros/src/robocar110_ros/rc110_navigation/rc110_slam_cg/install/rc110_slam_cg/share/rc110_slam_cg/environment/ament_prefix_path.dsv
-- Installing: /home/zmp/ros/src/robocar110_ros/rc110_navigation/rc110_slam_cg/install/rc110_slam_cg/share/rc110_slam_cg/environment/path.sh
-- Installing: /home/zmp/ros/src/robocar110_ros/rc110_navigation/rc110_slam_cg/install/rc110_slam_cg/share/rc110_slam_cg/environment/path.dsv
-- Installing: /home/zmp/ros/src/robocar110_ros/rc110_navigation/rc110_slam_cg/install/rc110_slam_cg/share/rc110_slam_cg/local_setup.bash
-- Installing: /home/zmp/ros/src/robocar110_ros/rc110_navigation/rc110_slam_cg/install/rc110_slam_cg/share/rc110_slam_cg/local_setup.sh
-- Installing: /home/zmp/ros/src/robocar110_ros/rc110_navigation/rc110_slam_cg/install/rc110_slam_cg/share/rc110_slam_cg/local_setup.zsh
-- Installing: /home/zmp/ros/src/robocar110_ros/rc110_navigation/rc110_slam_cg/install/rc110_slam_cg/share/rc110_slam_cg/local_setup.dsv
-- Installing: /home/zmp/ros/src/robocar110_ros/rc110_navigation/rc110_slam_cg/install/rc110_slam_cg/share/rc110_slam_cg/package.dsv
-- Installing: /home/zmp/ros/src/robocar110_ros/rc110_navigation/rc110_slam_cg/install/rc110_slam_cg/share/ament_index/resource_index/packages/rc110_slam_cg
-- Installing: /home/zmp/ros/src/robocar110_ros/rc110_navigation/rc110_slam_cg/install/rc110_slam_cg/share/rc110_slam_cg/cmake/rc110_slam_cgConfig.cmake
-- Installing: /home/zmp/ros/src/robocar110_ros/rc110_navigation/rc110_slam_cg/install/rc110_slam_cg/share/rc110_slam_cg/cmake/rc110_slam_cgConfig-version.cmake
-- Installing: /home/zmp/ros/src/robocar110_ros/rc110_navigation/rc110_slam_cg/install/rc110_slam_cg/share/rc110_slam_cg/package.xml
-- Installing: /home/zmp/ros/src/robocar110_ros/rc110_navigation/rc110_slam_cg/install/rc110_slam_cg/share/rc110_slam_cg/config
-- Installing: /home/zmp/ros/src/robocar110_ros/rc110_navigation/rc110_slam_cg/install/rc110_slam_cg/share/rc110_slam_cg/config/main.lua
-- Installing: /home/zmp/ros/src/robocar110_ros/rc110_navigation/rc110_slam_cg/install/rc110_slam_cg/share/rc110_slam_cg/launch
-- Installing: /home/zmp/ros/src/robocar110_ros/rc110_navigation/rc110_slam_cg/install/rc110_slam_cg/share/rc110_slam_cg/launch/main.launch
