[0.086s] Invoking command in '/home/zmp/ros/src/robocar110_ros/rc110_navigation/rc110_slam_cg/build/rc110_slam_cg': CMAKE_PREFIX_PATH=/opt/ros/rolling /usr/bin/cmake /home/zmp/ros/src/robocar110_ros/rc110_navigation/rc110_slam_cg -DCMAKE_EXPORT_COMPILE_COMMANDS=1 -DCMAKE_BUILD_TYPE=Release -DCMAKE_INSTALL_PREFIX=/home/zmp/ros/src/robocar110_ros/rc110_navigation/rc110_slam_cg/install/rc110_slam_cg
[0.462s] -- The C compiler identification is GNU 9.4.0
[0.796s] -- The CXX compiler identification is GNU 9.4.0
[0.818s] -- Check for working C compiler: /usr/bin/cc
[1.269s] -- Check for working C compiler: /usr/bin/cc -- works
[1.273s] -- Detecting C compiler ABI info
[1.675s] -- Detecting C compiler ABI info - done
[1.728s] -- Detecting C compile features
[1.729s] -- Detecting C compile features - done
[1.741s] -- Check for working CXX compiler: /usr/bin/c++
[2.144s] -- Check for working CXX compiler: /usr/bin/c++ -- works
[2.149s] -- Detecting CXX compiler ABI info
[2.560s] -- Detecting CXX compiler ABI info - done
[2.609s] -- Detecting CXX compile features
[2.611s] -- Detecting CXX compile features - done
[2.620s] -- Found ament_cmake: 1.2.1 (/opt/ros/rolling/share/ament_cmake/cmake)
[3.252s] -- Found Python3: /usr/bin/python3.9 (found version "3.9.5") found components: Interpreter 
[6.992s] -- Configuring done
[7.007s] -- Generating done
[7.012s] -- Build files have been written to: /home/zmp/ros/src/robocar110_ros/rc110_navigation/rc110_slam_cg/build/rc110_slam_cg
[7.029s] Invoked command in '/home/zmp/ros/src/robocar110_ros/rc110_navigation/rc110_slam_cg/build/rc110_slam_cg' returned '0': CMAKE_PREFIX_PATH=/opt/ros/rolling /usr/bin/cmake /home/zmp/ros/src/robocar110_ros/rc110_navigation/rc110_slam_cg -DCMAKE_EXPORT_COMPILE_COMMANDS=1 -DCMAKE_BUILD_TYPE=Release -DCMAKE_INSTALL_PREFIX=/home/zmp/ros/src/robocar110_ros/rc110_navigation/rc110_slam_cg/install/rc110_slam_cg
[7.054s] Invoking command in '/home/zmp/ros/src/robocar110_ros/rc110_navigation/rc110_slam_cg/build/rc110_slam_cg': CMAKE_PREFIX_PATH=/opt/ros/rolling /usr/bin/cmake --build /home/zmp/ros/src/robocar110_ros/rc110_navigation/rc110_slam_cg/build/rc110_slam_cg -- -j4 -l4
[7.090s] make[1]: Entering directory '/home/zmp/ros/src/robocar110_ros/rc110_navigation/rc110_slam_cg/build/rc110_slam_cg'
[7.223s] make[1]: Leaving directory '/home/zmp/ros/src/robocar110_ros/rc110_navigation/rc110_slam_cg/build/rc110_slam_cg'
[7.232s] Invoked command in '/home/zmp/ros/src/robocar110_ros/rc110_navigation/rc110_slam_cg/build/rc110_slam_cg' returned '0': CMAKE_PREFIX_PATH=/opt/ros/rolling /usr/bin/cmake --build /home/zmp/ros/src/robocar110_ros/rc110_navigation/rc110_slam_cg/build/rc110_slam_cg -- -j4 -l4
[7.400s] Invoking command in '/home/zmp/ros/src/robocar110_ros/rc110_navigation/rc110_slam_cg/build/rc110_slam_cg': CMAKE_PREFIX_PATH=/opt/ros/rolling /usr/bin/cmake --install /home/zmp/ros/src/robocar110_ros/rc110_navigation/rc110_slam_cg/build/rc110_slam_cg
[7.438s] -- Install configuration: "Release"
[7.439s] -- Installing: /home/zmp/ros/src/robocar110_ros/rc110_navigation/rc110_slam_cg/install/rc110_slam_cg/share/ament_index/resource_index/package_run_dependencies/rc110_slam_cg
[7.440s] -- Installing: /home/zmp/ros/src/robocar110_ros/rc110_navigation/rc110_slam_cg/install/rc110_slam_cg/share/ament_index/resource_index/parent_prefix_path/rc110_slam_cg
[7.441s] -- Installing: /home/zmp/ros/src/robocar110_ros/rc110_navigation/rc110_slam_cg/install/rc110_slam_cg/share/rc110_slam_cg/environment/ament_prefix_path.sh
[7.442s] -- Installing: /home/zmp/ros/src/robocar110_ros/rc110_navigation/rc110_slam_cg/install/rc110_slam_cg/share/rc110_slam_cg/environment/ament_prefix_path.dsv
[7.442s] -- Installing: /home/zmp/ros/src/robocar110_ros/rc110_navigation/rc110_slam_cg/install/rc110_slam_cg/share/rc110_slam_cg/environment/path.sh
[7.443s] -- Installing: /home/zmp/ros/src/robocar110_ros/rc110_navigation/rc110_slam_cg/install/rc110_slam_cg/share/rc110_slam_cg/environment/path.dsv
[7.444s] -- Installing: /home/zmp/ros/src/robocar110_ros/rc110_navigation/rc110_slam_cg/install/rc110_slam_cg/share/rc110_slam_cg/local_setup.bash
[7.445s] -- Installing: /home/zmp/ros/src/robocar110_ros/rc110_navigation/rc110_slam_cg/install/rc110_slam_cg/share/rc110_slam_cg/local_setup.sh
[7.446s] -- Installing: /home/zmp/ros/src/robocar110_ros/rc110_navigation/rc110_slam_cg/install/rc110_slam_cg/share/rc110_slam_cg/local_setup.zsh
[7.447s] -- Installing: /home/zmp/ros/src/robocar110_ros/rc110_navigation/rc110_slam_cg/install/rc110_slam_cg/share/rc110_slam_cg/local_setup.dsv
[7.448s] -- Installing: /home/zmp/ros/src/robocar110_ros/rc110_navigation/rc110_slam_cg/install/rc110_slam_cg/share/rc110_slam_cg/package.dsv
[7.448s] -- Installing: /home/zmp/ros/src/robocar110_ros/rc110_navigation/rc110_slam_cg/install/rc110_slam_cg/share/ament_index/resource_index/packages/rc110_slam_cg
[7.450s] -- Installing: /home/zmp/ros/src/robocar110_ros/rc110_navigation/rc110_slam_cg/install/rc110_slam_cg/share/rc110_slam_cg/cmake/rc110_slam_cgConfig.cmake
[7.450s] -- Installing: /home/zmp/ros/src/robocar110_ros/rc110_navigation/rc110_slam_cg/install/rc110_slam_cg/share/rc110_slam_cg/cmake/rc110_slam_cgConfig-version.cmake
[7.451s] -- Installing: /home/zmp/ros/src/robocar110_ros/rc110_navigation/rc110_slam_cg/install/rc110_slam_cg/share/rc110_slam_cg/package.xml
[7.451s] -- Installing: /home/zmp/ros/src/robocar110_ros/rc110_navigation/rc110_slam_cg/install/rc110_slam_cg/share/rc110_slam_cg/config
[7.452s] -- Installing: /home/zmp/ros/src/robocar110_ros/rc110_navigation/rc110_slam_cg/install/rc110_slam_cg/share/rc110_slam_cg/config/main.lua
[7.452s] -- Installing: /home/zmp/ros/src/robocar110_ros/rc110_navigation/rc110_slam_cg/install/rc110_slam_cg/share/rc110_slam_cg/launch
[7.453s] -- Installing: /home/zmp/ros/src/robocar110_ros/rc110_navigation/rc110_slam_cg/install/rc110_slam_cg/share/rc110_slam_cg/launch/main.launch
[7.464s] Invoked command in '/home/zmp/ros/src/robocar110_ros/rc110_navigation/rc110_slam_cg/build/rc110_slam_cg' returned '0': CMAKE_PREFIX_PATH=/opt/ros/rolling /usr/bin/cmake --install /home/zmp/ros/src/robocar110_ros/rc110_navigation/rc110_slam_cg/build/rc110_slam_cg
