[1.250s] DEBUG:colcon:Command line arguments: ['/usr/bin/colcon', 'build', '--cmake-target', 'clean']
[1.251s] DEBUG:colcon:Parsed command line arguments: Namespace(allow_overriding=[], ament_cmake_args=None, base_paths=['.'], build_base='build', catkin_cmake_args=None, catkin_skip_building_tests=False, cmake_args=None, cmake_clean_cache=False, cmake_clean_first=False, cmake_force_configure=False, cmake_target='clean', cmake_target_skip_unavailable=False, continue_on_error=False, event_handlers=None, executor='parallel', ignore_user_meta=False, install_base='install', log_base=None, log_level=None, main=<bound method BuildVerb.main of <colcon_core.verb.build.BuildVerb object at 0xffffab1fcfd0>>, merge_install=False, metas=['./colcon.meta'], packages_above=None, packages_above_and_dependencies=None, packages_above_depth=None, packages_end=None, packages_ignore=None, packages_ignore_regex=None, packages_select=None, packages_select_build_failed=False, packages_select_by_dep=None, packages_select_regex=None, packages_select_test_failures=False, packages_skip=None, packages_skip_build_finished=False, packages_skip_by_dep=None, packages_skip_regex=None, packages_skip_test_passed=False, packages_skip_up_to=None, packages_start=None, packages_up_to=None, packages_up_to_regex=None, parallel_workers=4, paths=None, symlink_install=False, test_result_base=None, verb_extension=<colcon_core.verb.build.BuildVerb object at 0xffffab1fcfd0>, verb_name='build', verb_parser=<colcon_defaults.argument_parser.defaults.DefaultArgumentsDecorator object at 0xffffab205490>)
[1.358s] Level 1:colcon.colcon_core.package_discovery:discover_packages(colcon_meta) check parameters
[1.359s] Level 1:colcon.colcon_core.package_discovery:discover_packages(recursive) check parameters
[1.359s] Level 1:colcon.colcon_core.package_discovery:discover_packages(ignore) check parameters
[1.359s] Level 1:colcon.colcon_core.package_discovery:discover_packages(path) check parameters
[1.360s] Level 1:colcon.colcon_core.package_discovery:discover_packages(colcon_meta) discover
[1.360s] Level 1:colcon.colcon_core.package_discovery:discover_packages(recursive) discover
[1.361s] INFO:colcon.colcon_core.package_discovery:Crawling recursively for packages in '/home/zmp/ros/src/robocar110_ros/rc110_navigation/rc110_slam_cg'
[1.362s] Level 1:colcon.colcon_core.package_identification:_identify(.) by extensions ['ignore', 'ignore_ament_install']
[1.362s] Level 1:colcon.colcon_core.package_identification:_identify(.) by extension 'ignore'
[1.362s] Level 1:colcon.colcon_core.package_identification:_identify(.) by extension 'ignore_ament_install'
[1.363s] Level 1:colcon.colcon_core.package_identification:_identify(.) by extensions ['colcon_pkg']
[1.363s] Level 1:colcon.colcon_core.package_identification:_identify(.) by extension 'colcon_pkg'
[1.363s] Level 1:colcon.colcon_core.package_identification:_identify(.) by extensions ['colcon_meta']
[1.363s] Level 1:colcon.colcon_core.package_identification:_identify(.) by extension 'colcon_meta'
[1.363s] Level 1:colcon.colcon_core.package_identification:_identify(.) by extensions ['ros']
[1.364s] Level 1:colcon.colcon_core.package_identification:_identify(.) by extension 'ros'
[1.453s] DEBUG:colcon.colcon_core.package_identification:Package '.' with type 'ros.ament_cmake' and name 'rc110_slam_cg'
[1.453s] Level 1:colcon.colcon_core.package_discovery:discover_packages(recursive) using defaults
[1.454s] Level 1:colcon.colcon_core.package_discovery:discover_packages(ignore) discover
[1.454s] Level 1:colcon.colcon_core.package_discovery:discover_packages(ignore) using defaults
[1.454s] Level 1:colcon.colcon_core.package_discovery:discover_packages(path) discover
[1.454s] Level 1:colcon.colcon_core.package_discovery:discover_packages(path) using defaults
[1.527s] Level 1:colcon.colcon_core.package_discovery:discover_packages(prefix_path) check parameters
[1.527s] Level 1:colcon.colcon_core.package_discovery:discover_packages(prefix_path) discover
[1.543s] DEBUG:colcon.colcon_installed_package_information.package_discovery:Found 310 installed packages in /opt/ros/rolling
[1.550s] Level 1:colcon.colcon_core.package_discovery:discover_packages(prefix_path) using defaults
[1.902s] Level 5:colcon.colcon_core.verb:set package 'rc110_slam_cg' build argument 'cmake_args' from command line to 'None'
[1.902s] Level 5:colcon.colcon_core.verb:set package 'rc110_slam_cg' build argument 'cmake_target' from command line to 'clean'
[1.902s] Level 5:colcon.colcon_core.verb:set package 'rc110_slam_cg' build argument 'cmake_target_skip_unavailable' from command line to 'False'
[1.902s] Level 5:colcon.colcon_core.verb:set package 'rc110_slam_cg' build argument 'cmake_clean_cache' from command line to 'False'
[1.902s] Level 5:colcon.colcon_core.verb:set package 'rc110_slam_cg' build argument 'cmake_clean_first' from command line to 'False'
[1.903s] Level 5:colcon.colcon_core.verb:set package 'rc110_slam_cg' build argument 'cmake_force_configure' from command line to 'False'
[1.903s] Level 5:colcon.colcon_core.verb:set package 'rc110_slam_cg' build argument 'ament_cmake_args' from command line to 'None'
[1.903s] Level 5:colcon.colcon_core.verb:set package 'rc110_slam_cg' build argument 'catkin_cmake_args' from command line to 'None'
[1.903s] Level 5:colcon.colcon_core.verb:set package 'rc110_slam_cg' build argument 'catkin_skip_building_tests' from command line to 'False'
[1.903s] DEBUG:colcon.colcon_core.verb:Building package 'rc110_slam_cg' with the following arguments: {'ament_cmake_args': None, 'build_base': '/home/zmp/ros/src/robocar110_ros/rc110_navigation/rc110_slam_cg/build/rc110_slam_cg', 'catkin_cmake_args': None, 'catkin_skip_building_tests': False, 'cmake_args': None, 'cmake_clean_cache': False, 'cmake_clean_first': False, 'cmake_force_configure': False, 'cmake_target': 'clean', 'cmake_target_skip_unavailable': False, 'install_base': '/home/zmp/ros/src/robocar110_ros/rc110_navigation/rc110_slam_cg/install/rc110_slam_cg', 'merge_install': False, 'path': '/home/zmp/ros/src/robocar110_ros/rc110_navigation/rc110_slam_cg', 'symlink_install': False, 'test_result_base': None}
[1.906s] INFO:colcon.colcon_core.executor:Executing jobs using 'parallel' executor
[1.921s] DEBUG:colcon.colcon_parallel_executor.executor.parallel:run_until_complete
[1.922s] INFO:colcon.colcon_ros.task.ament_cmake.build:Building ROS package in '/home/zmp/ros/src/robocar110_ros/rc110_navigation/rc110_slam_cg' with build type 'ament_cmake'
[1.923s] INFO:colcon.colcon_cmake.task.cmake.build:Building CMake package in '/home/zmp/ros/src/robocar110_ros/rc110_navigation/rc110_slam_cg'
[1.945s] INFO:colcon.colcon_core.plugin_system:Skipping extension 'colcon_core.shell.bat': Not used on non-Windows systems
[1.946s] INFO:colcon.colcon_core.shell:Skip shell extension 'powershell' for command environment: Not usable outside of PowerShell
[1.947s] DEBUG:colcon.colcon_core.shell:Skip shell extension 'dsv' for command environment
[2.018s] DEBUG:colcon.colcon_core.event_handler.log_command:Invoking command in '/home/zmp/ros/src/robocar110_ros/rc110_navigation/rc110_slam_cg/build/rc110_slam_cg': CMAKE_PREFIX_PATH=/opt/ros/rolling /usr/bin/cmake --build /home/zmp/ros/src/robocar110_ros/rc110_navigation/rc110_slam_cg/build/rc110_slam_cg --target clean -- -j4 -l4
[2.179s] Level 1:colcon.colcon_core.environment:create_environment_scripts_only(rc110_slam_cg)
[2.181s] DEBUG:colcon.colcon_core.event_handler.log_command:Invoked command in '/home/zmp/ros/src/robocar110_ros/rc110_navigation/rc110_slam_cg/build/rc110_slam_cg' returned '0': CMAKE_PREFIX_PATH=/opt/ros/rolling /usr/bin/cmake --build /home/zmp/ros/src/robocar110_ros/rc110_navigation/rc110_slam_cg/build/rc110_slam_cg --target clean -- -j4 -l4
[2.213s] Level 1:colcon.colcon_core.environment:checking '/home/zmp/ros/src/robocar110_ros/rc110_navigation/rc110_slam_cg/install/rc110_slam_cg' for CMake module files
[2.216s] Level 1:colcon.colcon_core.environment:checking '/home/zmp/ros/src/robocar110_ros/rc110_navigation/rc110_slam_cg/install/rc110_slam_cg' for CMake config files
[2.217s] Level 1:colcon.colcon_core.shell:create_environment_hook('rc110_slam_cg', 'cmake_prefix_path')
[2.224s] INFO:colcon.colcon_core.shell:Creating environment hook '/home/zmp/ros/src/robocar110_ros/rc110_navigation/rc110_slam_cg/install/rc110_slam_cg/share/rc110_slam_cg/hook/cmake_prefix_path.ps1'
[2.227s] INFO:colcon.colcon_core.shell:Creating environment descriptor '/home/zmp/ros/src/robocar110_ros/rc110_navigation/rc110_slam_cg/install/rc110_slam_cg/share/rc110_slam_cg/hook/cmake_prefix_path.dsv'
[2.230s] INFO:colcon.colcon_core.shell:Creating environment hook '/home/zmp/ros/src/robocar110_ros/rc110_navigation/rc110_slam_cg/install/rc110_slam_cg/share/rc110_slam_cg/hook/cmake_prefix_path.sh'
[2.235s] Level 1:colcon.colcon_core.environment:checking '/home/zmp/ros/src/robocar110_ros/rc110_navigation/rc110_slam_cg/install/rc110_slam_cg/bin'
[2.235s] Level 1:colcon.colcon_core.environment:checking '/home/zmp/ros/src/robocar110_ros/rc110_navigation/rc110_slam_cg/install/rc110_slam_cg/lib/pkgconfig/rc110_slam_cg.pc'
[2.236s] Level 1:colcon.colcon_core.environment:checking '/home/zmp/ros/src/robocar110_ros/rc110_navigation/rc110_slam_cg/install/rc110_slam_cg/lib/python3.8/site-packages'
[2.237s] Level 1:colcon.colcon_core.environment:checking '/home/zmp/ros/src/robocar110_ros/rc110_navigation/rc110_slam_cg/install/rc110_slam_cg/bin'
[2.243s] INFO:colcon.colcon_core.shell:Creating package script '/home/zmp/ros/src/robocar110_ros/rc110_navigation/rc110_slam_cg/install/rc110_slam_cg/share/rc110_slam_cg/package.ps1'
[2.246s] INFO:colcon.colcon_core.shell:Creating package descriptor '/home/zmp/ros/src/robocar110_ros/rc110_navigation/rc110_slam_cg/install/rc110_slam_cg/share/rc110_slam_cg/package.dsv'
[2.249s] INFO:colcon.colcon_core.shell:Creating package script '/home/zmp/ros/src/robocar110_ros/rc110_navigation/rc110_slam_cg/install/rc110_slam_cg/share/rc110_slam_cg/package.sh'
[2.251s] INFO:colcon.colcon_core.shell:Creating package script '/home/zmp/ros/src/robocar110_ros/rc110_navigation/rc110_slam_cg/install/rc110_slam_cg/share/rc110_slam_cg/package.bash'
[2.254s] INFO:colcon.colcon_core.shell:Creating package script '/home/zmp/ros/src/robocar110_ros/rc110_navigation/rc110_slam_cg/install/rc110_slam_cg/share/rc110_slam_cg/package.zsh'
[2.257s] Level 1:colcon.colcon_core.environment:create_file_with_runtime_dependencies(/home/zmp/ros/src/robocar110_ros/rc110_navigation/rc110_slam_cg/install/rc110_slam_cg/share/colcon-core/packages/rc110_slam_cg)
[2.375s] Level 1:colcon.colcon_core.environment:create_environment_scripts_only(rc110_slam_cg)
[2.384s] Level 1:colcon.colcon_core.environment:checking '/home/zmp/ros/src/robocar110_ros/rc110_navigation/rc110_slam_cg/install/rc110_slam_cg' for CMake module files
[2.392s] Level 1:colcon.colcon_core.environment:checking '/home/zmp/ros/src/robocar110_ros/rc110_navigation/rc110_slam_cg/install/rc110_slam_cg' for CMake config files
[2.395s] Level 1:colcon.colcon_core.shell:create_environment_hook('rc110_slam_cg', 'cmake_prefix_path')
[2.400s] INFO:colcon.colcon_core.shell:Creating environment hook '/home/zmp/ros/src/robocar110_ros/rc110_navigation/rc110_slam_cg/install/rc110_slam_cg/share/rc110_slam_cg/hook/cmake_prefix_path.ps1'
[2.403s] INFO:colcon.colcon_core.shell:Creating environment descriptor '/home/zmp/ros/src/robocar110_ros/rc110_navigation/rc110_slam_cg/install/rc110_slam_cg/share/rc110_slam_cg/hook/cmake_prefix_path.dsv'
[2.405s] INFO:colcon.colcon_core.shell:Creating environment hook '/home/zmp/ros/src/robocar110_ros/rc110_navigation/rc110_slam_cg/install/rc110_slam_cg/share/rc110_slam_cg/hook/cmake_prefix_path.sh'
[2.408s] Level 1:colcon.colcon_core.environment:checking '/home/zmp/ros/src/robocar110_ros/rc110_navigation/rc110_slam_cg/install/rc110_slam_cg/bin'
[2.408s] Level 1:colcon.colcon_core.environment:checking '/home/zmp/ros/src/robocar110_ros/rc110_navigation/rc110_slam_cg/install/rc110_slam_cg/lib/pkgconfig/rc110_slam_cg.pc'
[2.409s] Level 1:colcon.colcon_core.environment:checking '/home/zmp/ros/src/robocar110_ros/rc110_navigation/rc110_slam_cg/install/rc110_slam_cg/lib/python3.8/site-packages'
[2.410s] Level 1:colcon.colcon_core.environment:checking '/home/zmp/ros/src/robocar110_ros/rc110_navigation/rc110_slam_cg/install/rc110_slam_cg/bin'
[2.416s] INFO:colcon.colcon_core.shell:Creating package script '/home/zmp/ros/src/robocar110_ros/rc110_navigation/rc110_slam_cg/install/rc110_slam_cg/share/rc110_slam_cg/package.ps1'
[2.420s] INFO:colcon.colcon_core.shell:Creating package descriptor '/home/zmp/ros/src/robocar110_ros/rc110_navigation/rc110_slam_cg/install/rc110_slam_cg/share/rc110_slam_cg/package.dsv'
[2.423s] INFO:colcon.colcon_core.shell:Creating package script '/home/zmp/ros/src/robocar110_ros/rc110_navigation/rc110_slam_cg/install/rc110_slam_cg/share/rc110_slam_cg/package.sh'
[2.426s] INFO:colcon.colcon_core.shell:Creating package script '/home/zmp/ros/src/robocar110_ros/rc110_navigation/rc110_slam_cg/install/rc110_slam_cg/share/rc110_slam_cg/package.bash'
[2.427s] INFO:colcon.colcon_core.shell:Creating package script '/home/zmp/ros/src/robocar110_ros/rc110_navigation/rc110_slam_cg/install/rc110_slam_cg/share/rc110_slam_cg/package.zsh'
[2.430s] Level 1:colcon.colcon_core.environment:create_file_with_runtime_dependencies(/home/zmp/ros/src/robocar110_ros/rc110_navigation/rc110_slam_cg/install/rc110_slam_cg/share/colcon-core/packages/rc110_slam_cg)
[2.432s] DEBUG:colcon.colcon_parallel_executor.executor.parallel:closing loop
[2.434s] DEBUG:colcon.colcon_parallel_executor.executor.parallel:loop closed
[2.434s] DEBUG:colcon.colcon_parallel_executor.executor.parallel:run_until_complete finished with '0'
[2.435s] DEBUG:colcon.colcon_core.event_reactor:joining thread
[2.472s] INFO:colcon.colcon_core.plugin_system:Skipping extension 'colcon_notification.desktop_notification.terminal_notifier': Not used on non-Darwin systems
[2.472s] INFO:colcon.colcon_core.plugin_system:Skipping extension 'colcon_notification.desktop_notification.win32': Not used on non-Windows systems
[2.472s] INFO:colcon.colcon_notification.desktop_notification:Sending desktop notification using 'notify2'
[2.557s] DEBUG:colcon.colcon_core.event_reactor:joined thread
[2.564s] INFO:colcon.colcon_core.shell:Creating prefix script '/home/zmp/ros/src/robocar110_ros/rc110_navigation/rc110_slam_cg/install/local_setup.ps1'
[2.568s] INFO:colcon.colcon_core.shell:Creating prefix util module '/home/zmp/ros/src/robocar110_ros/rc110_navigation/rc110_slam_cg/install/_local_setup_util_ps1.py'
[2.574s] INFO:colcon.colcon_core.shell:Creating prefix chain script '/home/zmp/ros/src/robocar110_ros/rc110_navigation/rc110_slam_cg/install/setup.ps1'
[2.580s] INFO:colcon.colcon_core.shell:Creating prefix script '/home/zmp/ros/src/robocar110_ros/rc110_navigation/rc110_slam_cg/install/local_setup.sh'
[2.584s] INFO:colcon.colcon_core.shell:Creating prefix util module '/home/zmp/ros/src/robocar110_ros/rc110_navigation/rc110_slam_cg/install/_local_setup_util_sh.py'
[2.587s] INFO:colcon.colcon_core.shell:Creating prefix chain script '/home/zmp/ros/src/robocar110_ros/rc110_navigation/rc110_slam_cg/install/setup.sh'
[2.595s] INFO:colcon.colcon_core.shell:Creating prefix script '/home/zmp/ros/src/robocar110_ros/rc110_navigation/rc110_slam_cg/install/local_setup.bash'
[2.598s] INFO:colcon.colcon_core.shell:Creating prefix chain script '/home/zmp/ros/src/robocar110_ros/rc110_navigation/rc110_slam_cg/install/setup.bash'
[2.605s] INFO:colcon.colcon_core.shell:Creating prefix script '/home/zmp/ros/src/robocar110_ros/rc110_navigation/rc110_slam_cg/install/local_setup.zsh'
[2.608s] INFO:colcon.colcon_core.shell:Creating prefix chain script '/home/zmp/ros/src/robocar110_ros/rc110_navigation/rc110_slam_cg/install/setup.zsh'
