[100%] Built target rc110_laserscans_to_pointcloud
-- Install configuration: ""
-- Up-to-date: /home/zmp/ros/src/robocar110_ros/rc110_core/install/rc110_laserscans_to_pointcloud/lib/rc110_laserscans_to_pointcloud/rc110_laserscans_to_pointcloud
-- Up-to-date: /home/zmp/ros/src/robocar110_ros/rc110_core/install/rc110_laserscans_to_pointcloud/share/rc110_laserscans_to_pointcloud/launch
-- Up-to-date: /home/zmp/ros/src/robocar110_ros/rc110_core/install/rc110_laserscans_to_pointcloud/share/rc110_laserscans_to_pointcloud/launch/main.launch
-- Up-to-date: /home/zmp/ros/src/robocar110_ros/rc110_core/install/rc110_laserscans_to_pointcloud/share/ament_index/resource_index/package_run_dependencies/rc110_laserscans_to_pointcloud
-- Up-to-date: /home/zmp/ros/src/robocar110_ros/rc110_core/install/rc110_laserscans_to_pointcloud/share/ament_index/resource_index/parent_prefix_path/rc110_laserscans_to_pointcloud
-- Up-to-date: /home/zmp/ros/src/robocar110_ros/rc110_core/install/rc110_laserscans_to_pointcloud/share/rc110_laserscans_to_pointcloud/environment/ament_prefix_path.sh
-- Up-to-date: /home/zmp/ros/src/robocar110_ros/rc110_core/install/rc110_laserscans_to_pointcloud/share/rc110_laserscans_to_pointcloud/environment/ament_prefix_path.dsv
-- Up-to-date: /home/zmp/ros/src/robocar110_ros/rc110_core/install/rc110_laserscans_to_pointcloud/share/rc110_laserscans_to_pointcloud/environment/path.sh
-- Up-to-date: /home/zmp/ros/src/robocar110_ros/rc110_core/install/rc110_laserscans_to_pointcloud/share/rc110_laserscans_to_pointcloud/environment/path.dsv
-- Up-to-date: /home/zmp/ros/src/robocar110_ros/rc110_core/install/rc110_laserscans_to_pointcloud/share/rc110_laserscans_to_pointcloud/local_setup.bash
-- Up-to-date: /home/zmp/ros/src/robocar110_ros/rc110_core/install/rc110_laserscans_to_pointcloud/share/rc110_laserscans_to_pointcloud/local_setup.sh
-- Up-to-date: /home/zmp/ros/src/robocar110_ros/rc110_core/install/rc110_laserscans_to_pointcloud/share/rc110_laserscans_to_pointcloud/local_setup.zsh
-- Up-to-date: /home/zmp/ros/src/robocar110_ros/rc110_core/install/rc110_laserscans_to_pointcloud/share/rc110_laserscans_to_pointcloud/local_setup.dsv
-- Installing: /home/zmp/ros/src/robocar110_ros/rc110_core/install/rc110_laserscans_to_pointcloud/share/rc110_laserscans_to_pointcloud/package.dsv
-- Up-to-date: /home/zmp/ros/src/robocar110_ros/rc110_core/install/rc110_laserscans_to_pointcloud/share/ament_index/resource_index/packages/rc110_laserscans_to_pointcloud
-- Up-to-date: /home/zmp/ros/src/robocar110_ros/rc110_core/install/rc110_laserscans_to_pointcloud/share/rc110_laserscans_to_pointcloud/cmake/rc110_laserscans_to_pointcloudConfig.cmake
-- Up-to-date: /home/zmp/ros/src/robocar110_ros/rc110_core/install/rc110_laserscans_to_pointcloud/share/rc110_laserscans_to_pointcloud/cmake/rc110_laserscans_to_pointcloudConfig-version.cmake
-- Up-to-date: /home/zmp/ros/src/robocar110_ros/rc110_core/install/rc110_laserscans_to_pointcloud/share/rc110_laserscans_to_pointcloud/package.xml
