[0.090s] Invoking command in '/home/zmp/ros/src/robocar110_ros/rc110_core/build/rc110_laserscans_to_pointcloud': /usr/bin/cmake --build /home/zmp/ros/src/robocar110_ros/rc110_core/build/rc110_laserscans_to_pointcloud -- -j4 -l4
[0.447s] [100%] Built target rc110_laserscans_to_pointcloud
[0.504s] Invoked command in '/home/zmp/ros/src/robocar110_ros/rc110_core/build/rc110_laserscans_to_pointcloud' returned '0': /usr/bin/cmake --build /home/zmp/ros/src/robocar110_ros/rc110_core/build/rc110_laserscans_to_pointcloud -- -j4 -l4
[0.701s] Invoking command in '/home/zmp/ros/src/robocar110_ros/rc110_core/build/rc110_laserscans_to_pointcloud': /usr/bin/cmake --install /home/zmp/ros/src/robocar110_ros/rc110_core/build/rc110_laserscans_to_pointcloud
[0.734s] -- Install configuration: ""
[0.736s] -- Up-to-date: /home/zmp/ros/src/robocar110_ros/rc110_core/install/rc110_laserscans_to_pointcloud/lib/rc110_laserscans_to_pointcloud/rc110_laserscans_to_pointcloud
[0.737s] -- Up-to-date: /home/zmp/ros/src/robocar110_ros/rc110_core/install/rc110_laserscans_to_pointcloud/share/rc110_laserscans_to_pointcloud/launch
[0.737s] -- Up-to-date: /home/zmp/ros/src/robocar110_ros/rc110_core/install/rc110_laserscans_to_pointcloud/share/rc110_laserscans_to_pointcloud/launch/main.launch
[0.738s] -- Up-to-date: /home/zmp/ros/src/robocar110_ros/rc110_core/install/rc110_laserscans_to_pointcloud/share/ament_index/resource_index/package_run_dependencies/rc110_laserscans_to_pointcloud
[0.738s] -- Up-to-date: /home/zmp/ros/src/robocar110_ros/rc110_core/install/rc110_laserscans_to_pointcloud/share/ament_index/resource_index/parent_prefix_path/rc110_laserscans_to_pointcloud
[0.739s] -- Up-to-date: /home/zmp/ros/src/robocar110_ros/rc110_core/install/rc110_laserscans_to_pointcloud/share/rc110_laserscans_to_pointcloud/environment/ament_prefix_path.sh
[0.739s] -- Up-to-date: /home/zmp/ros/src/robocar110_ros/rc110_core/install/rc110_laserscans_to_pointcloud/share/rc110_laserscans_to_pointcloud/environment/ament_prefix_path.dsv
[0.739s] -- Up-to-date: /home/zmp/ros/src/robocar110_ros/rc110_core/install/rc110_laserscans_to_pointcloud/share/rc110_laserscans_to_pointcloud/environment/path.sh
[0.740s] -- Up-to-date: /home/zmp/ros/src/robocar110_ros/rc110_core/install/rc110_laserscans_to_pointcloud/share/rc110_laserscans_to_pointcloud/environment/path.dsv
[0.740s] -- Up-to-date: /home/zmp/ros/src/robocar110_ros/rc110_core/install/rc110_laserscans_to_pointcloud/share/rc110_laserscans_to_pointcloud/local_setup.bash
[0.741s] -- Up-to-date: /home/zmp/ros/src/robocar110_ros/rc110_core/install/rc110_laserscans_to_pointcloud/share/rc110_laserscans_to_pointcloud/local_setup.sh
[0.742s] -- Up-to-date: /home/zmp/ros/src/robocar110_ros/rc110_core/install/rc110_laserscans_to_pointcloud/share/rc110_laserscans_to_pointcloud/local_setup.zsh
[0.742s] -- Up-to-date: /home/zmp/ros/src/robocar110_ros/rc110_core/install/rc110_laserscans_to_pointcloud/share/rc110_laserscans_to_pointcloud/local_setup.dsv
[0.743s] -- Installing: /home/zmp/ros/src/robocar110_ros/rc110_core/install/rc110_laserscans_to_pointcloud/share/rc110_laserscans_to_pointcloud/package.dsv
[0.743s] -- Up-to-date: /home/zmp/ros/src/robocar110_ros/rc110_core/install/rc110_laserscans_to_pointcloud/share/ament_index/resource_index/packages/rc110_laserscans_to_pointcloud
[0.744s] -- Up-to-date: /home/zmp/ros/src/robocar110_ros/rc110_core/install/rc110_laserscans_to_pointcloud/share/rc110_laserscans_to_pointcloud/cmake/rc110_laserscans_to_pointcloudConfig.cmake
[0.744s] -- Up-to-date: /home/zmp/ros/src/robocar110_ros/rc110_core/install/rc110_laserscans_to_pointcloud/share/rc110_laserscans_to_pointcloud/cmake/rc110_laserscans_to_pointcloudConfig-version.cmake
[0.744s] -- Up-to-date: /home/zmp/ros/src/robocar110_ros/rc110_core/install/rc110_laserscans_to_pointcloud/share/rc110_laserscans_to_pointcloud/package.xml
[0.763s] Invoked command in '/home/zmp/ros/src/robocar110_ros/rc110_core/build/rc110_laserscans_to_pointcloud' returned '0': /usr/bin/cmake --install /home/zmp/ros/src/robocar110_ros/rc110_core/build/rc110_laserscans_to_pointcloud
